#
# There is insufficient memory for the Java Runtime Environment to continue.
# Native memory allocation (mmap) failed to map 306184192 bytes for G1 virtual space
# Possible reasons:
#   The system is out of physical RAM or swap space
#   The process is running with CompressedOops enabled, and the Java Heap may be blocking the growth of the native heap
# Possible solutions:
#   Reduce memory load on the system
#   Increase physical memory or swap space
#   Check if swap backing store is full
#   Decrease Java heap size (-Xmx/-Xms)
#   Decrease number of Java threads
#   Decrease Java thread stack sizes (-Xss)
#   Set larger code cache with -XX:ReservedCodeCacheSize=
#   JVM is running with Zero Based Compressed Oops mode in which the Java heap is
#     placed in the first 32GB address space. The Java Heap base address is the
#     maximum limit for the native heap growth. Please use -XX:HeapBaseMinAddress
#     to set the Java Heap base and to place the Java Heap above 32GB virtual address.
# This output file may be truncated or incomplete.
#
#  Out of Memory Error (os_windows.cpp:3613), pid=16908, tid=26804
#
# JRE version: OpenJDK Runtime Environment Temurin-17.0.10+7 (17.0.10+7) (build 17.0.10+7)
# Java VM: OpenJDK 64-Bit Server VM Temurin-17.0.10+7 (17.0.10+7, mixed mode, tiered, compressed oops, compressed class ptrs, g1 gc, windows-amd64)
# No core dump will be written. Minidumps are not enabled by default on client versions of Windows
#

---------------  S U M M A R Y ------------

Command Line: -Dfile.encoding=UTF-8 -Dstdout.encoding=UTF-8 -Dstderr.encoding=UTF-8 --module-path=C:\Users\merta\git\UNO-PROJECT_2\uno_game\bin -XX:+ShowCodeDetailsInExceptionMessages -Djdk.module.main=uno_game uno_game/gui.MainMenu

Host: 11th Gen Intel(R) Core(TM) i7-11800H @ 2.30GHz, 16 cores, 15G,  Windows 11 , 64 bit Build 22621 (10.0.22621.3527)
Time: Sat May 18 23:25:38 2024 Türkiye Standart Saati elapsed time: 8.137441 seconds (0d 0h 0m 8s)

---------------  T H R E A D  ---------------

Current thread (0x000001bc45455410):  VMThread "VM Thread" [stack: 0x0000006f1e500000,0x0000006f1e600000] [id=26804]

Stack: [0x0000006f1e500000,0x0000006f1e600000]
Native frames: (J=compiled Java code, j=interpreted, Vv=VM code, C=native code)
V  [jvm.dll+0x67d2c9]
V  [jvm.dll+0x834afa]
V  [jvm.dll+0x8365be]
V  [jvm.dll+0x836c23]
V  [jvm.dll+0x2477ff]
V  [jvm.dll+0x67a109]
V  [jvm.dll+0x66eb7a]
V  [jvm.dll+0x30764b]
V  [jvm.dll+0x30eaf6]
V  [jvm.dll+0x35e83e]
V  [jvm.dll+0x35ea6f]
V  [jvm.dll+0x2de248]
V  [jvm.dll+0x2e12c6]
V  [jvm.dll+0x2eb9ba]
V  [jvm.dll+0x31fd00]
V  [jvm.dll+0x83b11b]
V  [jvm.dll+0x83be61]
V  [jvm.dll+0x83c37d]
V  [jvm.dll+0x83c754]
V  [jvm.dll+0x83c820]
V  [jvm.dll+0x7e3fba]
V  [jvm.dll+0x67c1b5]
C  [ucrtbase.dll+0x29333]
C  [KERNEL32.DLL+0x1257d]
C  [ntdll.dll+0x5aa48]

VM_Operation (0x0000006f1e1ff980): G1PauseRemark, mode: safepoint, requested by thread 0x000001bc25ed8250


---------------  P R O C E S S  ---------------

Threads class SMR info:
_java_thread_list=0x000001bc4a601dd0, length=21, elements={
0x000001bc45457b50, 0x000001bc45458710, 0x000001bc4549c5b0, 0x000001bc4549d780,
0x000001bc454bf430, 0x000001bc454c2f00, 0x000001bc454c3ca0, 0x000001bc454c4750,
0x000001bc455233e0, 0x000001bc455d74c0, 0x000001bc456ffa60, 0x000001bc456fff80,
0x000001bc457004a0, 0x000001bc4576ce10, 0x000001bc4a1857e0, 0x000001bc4a194d80,
0x000001bc4a197680, 0x000001bc4a1ab3c0, 0x000001bc25e57840, 0x000001bc4a32be70,
0x000001bc4a3bddd0
}

Java Threads: ( => current thread )
  0x000001bc45457b50 JavaThread "Reference Handler" daemon [_thread_blocked, id=25196, stack(0x0000006f1e600000,0x0000006f1e700000)]
  0x000001bc45458710 JavaThread "Finalizer" daemon [_thread_blocked, id=19836, stack(0x0000006f1e700000,0x0000006f1e800000)]
  0x000001bc4549c5b0 JavaThread "Signal Dispatcher" daemon [_thread_blocked, id=24640, stack(0x0000006f1e800000,0x0000006f1e900000)]
  0x000001bc4549d780 JavaThread "Attach Listener" daemon [_thread_blocked, id=26484, stack(0x0000006f1e900000,0x0000006f1ea00000)]
  0x000001bc454bf430 JavaThread "Service Thread" daemon [_thread_blocked, id=26080, stack(0x0000006f1ea00000,0x0000006f1eb00000)]
  0x000001bc454c2f00 JavaThread "Monitor Deflation Thread" daemon [_thread_blocked, id=25704, stack(0x0000006f1eb00000,0x0000006f1ec00000)]
  0x000001bc454c3ca0 JavaThread "C2 CompilerThread0" daemon [_thread_blocked, id=17644, stack(0x0000006f1ec00000,0x0000006f1ed00000)]
  0x000001bc454c4750 JavaThread "C1 CompilerThread0" daemon [_thread_blocked, id=25924, stack(0x0000006f1ed00000,0x0000006f1ee00000)]
  0x000001bc455233e0 JavaThread "Sweeper thread" daemon [_thread_blocked, id=22716, stack(0x0000006f1ee00000,0x0000006f1ef00000)]
  0x000001bc455d74c0 JavaThread "Common-Cleaner" daemon [_thread_blocked, id=26724, stack(0x0000006f1ef00000,0x0000006f1f000000)]
  0x000001bc456ffa60 JavaThread "C1 CompilerThread1" daemon [_thread_blocked, id=28432, stack(0x0000006f1f000000,0x0000006f1f100000)]
  0x000001bc456fff80 JavaThread "C1 CompilerThread2" daemon [_thread_blocked, id=28176, stack(0x0000006f1f100000,0x0000006f1f200000)]
  0x000001bc457004a0 JavaThread "C1 CompilerThread3" daemon [_thread_blocked, id=18248, stack(0x0000006f1f200000,0x0000006f1f300000)]
  0x000001bc4576ce10 JavaThread "Notification Thread" daemon [_thread_blocked, id=14228, stack(0x0000006f1f300000,0x0000006f1f400000)]
  0x000001bc4a1857e0 JavaThread "Java2D Disposer" daemon [_thread_blocked, id=25776, stack(0x0000006f1f500000,0x0000006f1f600000)]
  0x000001bc4a194d80 JavaThread "AWT-Shutdown" [_thread_blocked, id=26776, stack(0x0000006f1f600000,0x0000006f1f700000)]
  0x000001bc4a197680 JavaThread "AWT-Windows" daemon [_thread_in_native, id=20156, stack(0x0000006f1f700000,0x0000006f1f800000)]
  0x000001bc4a1ab3c0 JavaThread "AWT-EventQueue-0" [_thread_blocked, id=23328, stack(0x0000006f1f800000,0x0000006f1f900000)]
  0x000001bc25e57840 JavaThread "DestroyJavaVM" [_thread_blocked, id=24556, stack(0x0000006f1df00000,0x0000006f1e000000)]
  0x000001bc4a32be70 JavaThread "Swing-Shell" daemon [_thread_blocked, id=16172, stack(0x0000006f1fa00000,0x0000006f1fb00000)]
  0x000001bc4a3bddd0 JavaThread "TimerQueue" daemon [_thread_blocked, id=25148, stack(0x0000006f1ff00000,0x0000006f20000000)]

Other Threads:
=>0x000001bc45455410 VMThread "VM Thread" [stack: 0x0000006f1e500000,0x0000006f1e600000] [id=26804]
  0x000001bc4577bce0 WatcherThread [stack: 0x0000006f1f400000,0x0000006f1f500000] [id=27088]
  0x000001bc25ec6f60 GCTaskThread "GC Thread#0" [stack: 0x0000006f1e000000,0x0000006f1e100000] [id=5404]
  0x000001bc4b937480 GCTaskThread "GC Thread#1" [stack: 0x0000006f20000000,0x0000006f20100000] [id=2100]
  0x000001bc4b937b50 GCTaskThread "GC Thread#2" [stack: 0x0000006f20100000,0x0000006f20200000] [id=24136]
  0x000001bc4b938620 GCTaskThread "GC Thread#3" [stack: 0x0000006f20200000,0x0000006f20300000] [id=20780]
  0x000001bc4b9388e0 GCTaskThread "GC Thread#4" [stack: 0x0000006f20300000,0x0000006f20400000] [id=25496]
  0x000001bc4b9397c0 GCTaskThread "GC Thread#5" [stack: 0x0000006f20400000,0x0000006f20500000] [id=23488]
  0x000001bc4b9d99f0 GCTaskThread "GC Thread#6" [stack: 0x0000006f20500000,0x0000006f20600000] [id=26580]
  0x000001bc4b9d9cb0 GCTaskThread "GC Thread#7" [stack: 0x0000006f20600000,0x0000006f20700000] [id=18328]
  0x000001bc4b9dd240 GCTaskThread "GC Thread#8" [stack: 0x0000006f20700000,0x0000006f20800000] [id=18676]
  0x000001bc4b9e0be0 GCTaskThread "GC Thread#9" [stack: 0x0000006f20800000,0x0000006f20900000] [id=22812]
  0x000001bc4b9e3960 GCTaskThread "GC Thread#10" [stack: 0x0000006f20900000,0x0000006f20a00000] [id=26940]
  0x000001bc4b7a1980 GCTaskThread "GC Thread#11" [stack: 0x0000006f1f900000,0x0000006f1fa00000] [id=6328]
  0x000001bc4b7a1c40 GCTaskThread "GC Thread#12" [stack: 0x0000006f20c00000,0x0000006f20d00000] [id=27860]
  0x000001bc25ed8250 ConcurrentGCThread "G1 Main Marker" [stack: 0x0000006f1e100000,0x0000006f1e200000] [id=27872]
  0x000001bc25ed8c70 ConcurrentGCThread "G1 Conc#0" [stack: 0x0000006f1e200000,0x0000006f1e300000] [id=25512]
  0x000001bc4b7a2480 ConcurrentGCThread "G1 Conc#1" [stack: 0x0000006f20a00000,0x0000006f20b00000] [id=25784]
  0x000001bc4b7a16c0 ConcurrentGCThread "G1 Conc#2" [stack: 0x0000006f20b00000,0x0000006f20c00000] [id=27400]
  0x000001bc451959b0 ConcurrentGCThread "G1 Refine#0" [stack: 0x0000006f1e300000,0x0000006f1e400000] [id=18304]
  0x000001bc451963e0 ConcurrentGCThread "G1 Service" [stack: 0x0000006f1e400000,0x0000006f1e500000] [id=28284]

Threads with active compile tasks:
C2 CompilerThread0     8158 2753   !   4       com.sun.imageio.plugins.png.PNGImageReader::decodePass (1399 bytes)

VM state: at safepoint (normal execution)

VM Mutex/Monitor currently owned by a thread:  ([mutex/lock_event])
[0x000001bc25e538b0] Threads_lock - owner thread: 0x000001bc45455410
[0x000001bc25e53af0] Heap_lock - owner thread: 0x000001bc25ed8250

Heap address: 0x0000000704000000, size: 4032 MB, Compressed Oops mode: Zero based, Oop shift amount: 3

CDS archive(s) not mapped
Compressed class space mapped at: 0x0000000800000000-0x0000000840000000, reserved size: 1073741824
Narrow klass base: 0x0000000800000000, Narrow klass shift: 0, Narrow klass range: 0x40000000

GC Precious Log:
 CPUs: 16 total, 16 available
 Memory: 16125M
 Large Page Support: Disabled
 NUMA Support: Disabled
 Compressed Oops: Enabled (Zero based)
 Heap Region Size: 2M
 Heap Min Capacity: 8M
 Heap Initial Capacity: 252M
 Heap Max Capacity: 4032M
 Pre-touch: Disabled
 Parallel Workers: 13
 Concurrent Workers: 3
 Concurrent Refinement Workers: 13
 Periodic GC: Disabled

Heap:
 garbage-first heap   total 632832K, used 555469K [0x0000000704000000, 0x0000000800000000)
  region size 2048K, 2 young (4096K), 1 survivors (2048K)
 Metaspace       used 21279K, committed 21504K, reserved 1114112K
  class space    used 2239K, committed 2368K, reserved 1048576K

Heap Regions: E=young(eden), S=young(survivor), O=old, HS=humongous(starts), HC=humongous(continues), CS=collection set, F=free, OA=open archive, CA=closed archive, TAMS=top-at-mark-start (previous, next)
|   0|0x0000000704000000, 0x0000000704000000, 0x0000000704200000|  0%| F|  |TAMS 0x0000000704000000, 0x0000000704000000| Untracked 
|   1|0x0000000704200000, 0x0000000704400000, 0x0000000704400000|100%| O|  |TAMS 0x0000000704400000, 0x0000000704200000| Untracked 
|   2|0x0000000704400000, 0x0000000704600000, 0x0000000704600000|100%|HS|  |TAMS 0x0000000704600000, 0x0000000704400000| Complete 
|   3|0x0000000704600000, 0x0000000704800000, 0x0000000704800000|100%|HS|  |TAMS 0x0000000704800000, 0x0000000704600000| Complete 
|   4|0x0000000704800000, 0x0000000704a00000, 0x0000000704a00000|100%|HS|  |TAMS 0x0000000704a00000, 0x0000000704800000| Complete 
|   5|0x0000000704a00000, 0x0000000704c00000, 0x0000000704c00000|100%|HS|  |TAMS 0x0000000704c00000, 0x0000000704a00000| Complete 
|   6|0x0000000704c00000, 0x0000000704e00000, 0x0000000704e00000|100%|HS|  |TAMS 0x0000000704e00000, 0x0000000704c00000| Complete 
|   7|0x0000000704e00000, 0x0000000705000000, 0x0000000705000000|100%|HS|  |TAMS 0x0000000705000000, 0x0000000704e00000| Complete 
|   8|0x0000000705000000, 0x0000000705200000, 0x0000000705200000|100%| O|  |TAMS 0x0000000705200000, 0x0000000705000000| Updating 
|   9|0x0000000705200000, 0x0000000705400000, 0x0000000705400000|100%| O|  |TAMS 0x0000000705400000, 0x0000000705200000| Updating 
|  10|0x0000000705400000, 0x0000000705600000, 0x0000000705600000|100%|HS|  |TAMS 0x0000000705600000, 0x0000000705400000| Complete 
|  11|0x0000000705600000, 0x0000000705800000, 0x0000000705800000|100%|HS|  |TAMS 0x0000000705800000, 0x0000000705600000| Complete 
|  12|0x0000000705800000, 0x0000000705a00000, 0x0000000705a00000|100%| O|  |TAMS 0x0000000705a00000, 0x0000000705800000| Untracked 
|  13|0x0000000705a00000, 0x0000000705c00000, 0x0000000705c00000|100%| O|  |TAMS 0x0000000705c00000, 0x0000000705a00000| Untracked 
|  14|0x0000000705c00000, 0x0000000705e00000, 0x0000000705e00000|100%|HS|  |TAMS 0x0000000705e00000, 0x0000000705c00000| Complete 
|  15|0x0000000705e00000, 0x0000000706000000, 0x0000000706000000|100%|HS|  |TAMS 0x0000000706000000, 0x0000000705e00000| Complete 
|  16|0x0000000706000000, 0x0000000706200000, 0x0000000706200000|100%|HS|  |TAMS 0x0000000706200000, 0x0000000706000000| Complete 
|  17|0x0000000706200000, 0x0000000706400000, 0x0000000706400000|100%|HS|  |TAMS 0x0000000706400000, 0x0000000706200000| Complete 
|  18|0x0000000706400000, 0x0000000706600000, 0x0000000706600000|100%|HS|  |TAMS 0x0000000706600000, 0x0000000706400000| Complete 
|  19|0x0000000706600000, 0x0000000706800000, 0x0000000706800000|100%|HS|  |TAMS 0x0000000706800000, 0x0000000706600000| Complete 
|  20|0x0000000706800000, 0x0000000706a00000, 0x0000000706a00000|100%|HS|  |TAMS 0x0000000706a00000, 0x0000000706800000| Complete 
|  21|0x0000000706a00000, 0x0000000706c00000, 0x0000000706c00000|100%|HS|  |TAMS 0x0000000706c00000, 0x0000000706a00000| Complete 
|  22|0x0000000706c00000, 0x0000000706e00000, 0x0000000706e00000|100%|HS|  |TAMS 0x0000000706e00000, 0x0000000706c00000| Complete 
|  23|0x0000000706e00000, 0x0000000707000000, 0x0000000707000000|100%|HS|  |TAMS 0x0000000707000000, 0x0000000706e00000| Complete 
|  24|0x0000000707000000, 0x0000000707200000, 0x0000000707200000|100%|HS|  |TAMS 0x0000000707200000, 0x0000000707000000| Complete 
|  25|0x0000000707200000, 0x0000000707400000, 0x0000000707400000|100%|HS|  |TAMS 0x0000000707400000, 0x0000000707200000| Complete 
|  26|0x0000000707400000, 0x0000000707600000, 0x0000000707600000|100%|HS|  |TAMS 0x0000000707600000, 0x0000000707400000| Complete 
|  27|0x0000000707600000, 0x0000000707800000, 0x0000000707800000|100%|HS|  |TAMS 0x0000000707800000, 0x0000000707600000| Complete 
|  28|0x0000000707800000, 0x0000000707a00000, 0x0000000707a00000|100%|HS|  |TAMS 0x0000000707a00000, 0x0000000707800000| Complete 
|  29|0x0000000707a00000, 0x0000000707c00000, 0x0000000707c00000|100%|HS|  |TAMS 0x0000000707c00000, 0x0000000707a00000| Complete 
|  30|0x0000000707c00000, 0x0000000707e00000, 0x0000000707e00000|100%|HS|  |TAMS 0x0000000707e00000, 0x0000000707c00000| Complete 
|  31|0x0000000707e00000, 0x0000000708000000, 0x0000000708000000|100%|HS|  |TAMS 0x0000000708000000, 0x0000000707e00000| Complete 
|  32|0x0000000708000000, 0x0000000708200000, 0x0000000708200000|100%|HS|  |TAMS 0x0000000708200000, 0x0000000708000000| Complete 
|  33|0x0000000708200000, 0x0000000708400000, 0x0000000708400000|100%|HS|  |TAMS 0x0000000708400000, 0x0000000708200000| Complete 
|  34|0x0000000708400000, 0x0000000708600000, 0x0000000708600000|100%|HS|  |TAMS 0x0000000708600000, 0x0000000708400000| Complete 
|  35|0x0000000708600000, 0x0000000708800000, 0x0000000708800000|100%|HS|  |TAMS 0x0000000708800000, 0x0000000708600000| Complete 
|  36|0x0000000708800000, 0x0000000708a00000, 0x0000000708a00000|100%|HS|  |TAMS 0x0000000708a00000, 0x0000000708800000| Complete 
|  37|0x0000000708a00000, 0x0000000708c00000, 0x0000000708c00000|100%|HS|  |TAMS 0x0000000708c00000, 0x0000000708a00000| Complete 
|  38|0x0000000708c00000, 0x0000000708e00000, 0x0000000708e00000|100%|HS|  |TAMS 0x0000000708e00000, 0x0000000708c00000| Complete 
|  39|0x0000000708e00000, 0x0000000709000000, 0x0000000709000000|100%|HS|  |TAMS 0x0000000709000000, 0x0000000708e00000| Complete 
|  40|0x0000000709000000, 0x0000000709200000, 0x0000000709200000|100%|HS|  |TAMS 0x0000000709200000, 0x0000000709000000| Complete 
|  41|0x0000000709200000, 0x0000000709400000, 0x0000000709400000|100%|HS|  |TAMS 0x0000000709400000, 0x0000000709200000| Complete 
|  42|0x0000000709400000, 0x0000000709600000, 0x0000000709600000|100%|HS|  |TAMS 0x0000000709600000, 0x0000000709400000| Complete 
|  43|0x0000000709600000, 0x0000000709800000, 0x0000000709800000|100%|HS|  |TAMS 0x0000000709800000, 0x0000000709600000| Complete 
|  44|0x0000000709800000, 0x0000000709a00000, 0x0000000709a00000|100%|HS|  |TAMS 0x0000000709a00000, 0x0000000709800000| Complete 
|  45|0x0000000709a00000, 0x0000000709c00000, 0x0000000709c00000|100%|HS|  |TAMS 0x0000000709c00000, 0x0000000709a00000| Complete 
|  46|0x0000000709c00000, 0x0000000709e00000, 0x0000000709e00000|100%|HS|  |TAMS 0x0000000709e00000, 0x0000000709c00000| Complete 
|  47|0x0000000709e00000, 0x000000070a000000, 0x000000070a000000|100%|HS|  |TAMS 0x000000070a000000, 0x0000000709e00000| Complete 
|  48|0x000000070a000000, 0x000000070a200000, 0x000000070a200000|100%|HS|  |TAMS 0x000000070a200000, 0x000000070a000000| Complete 
|  49|0x000000070a200000, 0x000000070a400000, 0x000000070a400000|100%|HS|  |TAMS 0x000000070a400000, 0x000000070a200000| Complete 
|  50|0x000000070a400000, 0x000000070a600000, 0x000000070a600000|100%|HS|  |TAMS 0x000000070a600000, 0x000000070a400000| Complete 
|  51|0x000000070a600000, 0x000000070a800000, 0x000000070a800000|100%|HS|  |TAMS 0x000000070a800000, 0x000000070a600000| Complete 
|  52|0x000000070a800000, 0x000000070aa00000, 0x000000070aa00000|100%|HS|  |TAMS 0x000000070aa00000, 0x000000070a800000| Complete 
|  53|0x000000070aa00000, 0x000000070ac00000, 0x000000070ac00000|100%|HS|  |TAMS 0x000000070ac00000, 0x000000070aa00000| Complete 
|  54|0x000000070ac00000, 0x000000070ae00000, 0x000000070ae00000|100%|HS|  |TAMS 0x000000070ae00000, 0x000000070ac00000| Complete 
|  55|0x000000070ae00000, 0x000000070b000000, 0x000000070b000000|100%| O|  |TAMS 0x000000070b000000, 0x000000070ae00000| Untracked 
|  56|0x000000070b000000, 0x000000070b200000, 0x000000070b200000|100%|HS|  |TAMS 0x000000070b200000, 0x000000070b000000| Complete 
|  57|0x000000070b200000, 0x000000070b400000, 0x000000070b400000|100%| O|  |TAMS 0x000000070b400000, 0x000000070b200000| Untracked 
|  58|0x000000070b400000, 0x000000070b600000, 0x000000070b600000|100%| O|  |TAMS 0x000000070b600000, 0x000000070b400000| Updating 
|  59|0x000000070b600000, 0x000000070b800000, 0x000000070b800000|100%| O|  |TAMS 0x000000070b800000, 0x000000070b600000| Updating 
|  60|0x000000070b800000, 0x000000070ba00000, 0x000000070ba00000|100%|HS|  |TAMS 0x000000070ba00000, 0x000000070b800000| Complete 
|  61|0x000000070ba00000, 0x000000070bc00000, 0x000000070bc00000|100%| O|  |TAMS 0x000000070bc00000, 0x000000070ba00000| Untracked 
|  62|0x000000070bc00000, 0x000000070be00000, 0x000000070be00000|100%| O|  |TAMS 0x000000070be00000, 0x000000070bc00000| Updating 
|  63|0x000000070be00000, 0x000000070c000000, 0x000000070c000000|100%| O|  |TAMS 0x000000070c000000, 0x000000070be00000| Updating 
|  64|0x000000070c000000, 0x000000070c200000, 0x000000070c200000|100%|HS|  |TAMS 0x000000070c200000, 0x000000070c000000| Complete 
|  65|0x000000070c200000, 0x000000070c400000, 0x000000070c400000|100%| O|  |TAMS 0x000000070c400000, 0x000000070c200000| Untracked 
|  66|0x000000070c400000, 0x000000070c600000, 0x000000070c600000|100%| O|  |TAMS 0x000000070c600000, 0x000000070c400000| Updating 
|  67|0x000000070c600000, 0x000000070c800000, 0x000000070c800000|100%| O|  |TAMS 0x000000070c800000, 0x000000070c600000| Untracked 
|  68|0x000000070c800000, 0x000000070ca00000, 0x000000070ca00000|100%| O|  |TAMS 0x000000070ca00000, 0x000000070c800000| Updating 
|  69|0x000000070ca00000, 0x000000070cc00000, 0x000000070cc00000|100%| O|  |TAMS 0x000000070cc00000, 0x000000070ca00000| Updating 
|  70|0x000000070cc00000, 0x000000070ce00000, 0x000000070ce00000|100%| O|  |TAMS 0x000000070ce00000, 0x000000070cc00000| Updating 
|  71|0x000000070ce00000, 0x000000070d000000, 0x000000070d000000|100%| O|  |TAMS 0x000000070d000000, 0x000000070ce00000| Updating 
|  72|0x000000070d000000, 0x000000070d200000, 0x000000070d200000|100%| O|  |TAMS 0x000000070d200000, 0x000000070d000000| Updating 
|  73|0x000000070d200000, 0x000000070d400000, 0x000000070d400000|100%| O|  |TAMS 0x000000070d400000, 0x000000070d200000| Updating 
|  74|0x000000070d400000, 0x000000070d600000, 0x000000070d600000|100%| O|  |TAMS 0x000000070d600000, 0x000000070d400000| Updating 
|  75|0x000000070d600000, 0x000000070d800000, 0x000000070d800000|100%| O|  |TAMS 0x000000070d800000, 0x000000070d600000| Updating 
|  76|0x000000070d800000, 0x000000070da00000, 0x000000070da00000|100%|HS|  |TAMS 0x000000070da00000, 0x000000070d800000| Complete 
|  77|0x000000070da00000, 0x000000070dc00000, 0x000000070dc00000|100%|HS|  |TAMS 0x000000070dc00000, 0x000000070da00000| Complete 
|  78|0x000000070dc00000, 0x000000070de00000, 0x000000070de00000|100%| O|  |TAMS 0x000000070de00000, 0x000000070dc00000| Untracked 
|  79|0x000000070de00000, 0x000000070e000000, 0x000000070e000000|100%|HS|  |TAMS 0x000000070e000000, 0x000000070de00000| Complete 
|  80|0x000000070e000000, 0x000000070e200000, 0x000000070e200000|100%| O|  |TAMS 0x000000070e200000, 0x000000070e000000| Updating 
|  81|0x000000070e200000, 0x000000070e400000, 0x000000070e400000|100%| O|  |TAMS 0x000000070e400000, 0x000000070e200000| Updating 
|  82|0x000000070e400000, 0x000000070e600000, 0x000000070e600000|100%| O|  |TAMS 0x000000070e600000, 0x000000070e400000| Updating 
|  83|0x000000070e600000, 0x000000070e800000, 0x000000070e800000|100%|HS|  |TAMS 0x000000070e800000, 0x000000070e600000| Complete 
|  84|0x000000070e800000, 0x000000070ea00000, 0x000000070ea00000|100%|HS|  |TAMS 0x000000070ea00000, 0x000000070e800000| Complete 
|  85|0x000000070ea00000, 0x000000070ec00000, 0x000000070ec00000|100%|HS|  |TAMS 0x000000070ec00000, 0x000000070ea00000| Complete 
|  86|0x000000070ec00000, 0x000000070ee00000, 0x000000070ee00000|100%|HS|  |TAMS 0x000000070ee00000, 0x000000070ec00000| Complete 
|  87|0x000000070ee00000, 0x000000070f000000, 0x000000070f000000|100%|HS|  |TAMS 0x000000070f000000, 0x000000070ee00000| Complete 
|  88|0x000000070f000000, 0x000000070f200000, 0x000000070f200000|100%|HS|  |TAMS 0x000000070f200000, 0x000000070f000000| Complete 
|  89|0x000000070f200000, 0x000000070f400000, 0x000000070f400000|100%|HS|  |TAMS 0x000000070f400000, 0x000000070f200000| Complete 
|  90|0x000000070f400000, 0x000000070f600000, 0x000000070f600000|100%|HS|  |TAMS 0x000000070f600000, 0x000000070f400000| Complete 
|  91|0x000000070f600000, 0x000000070f800000, 0x000000070f800000|100%|HS|  |TAMS 0x000000070f800000, 0x000000070f600000| Complete 
|  92|0x000000070f800000, 0x000000070fa00000, 0x000000070fa00000|100%|HS|  |TAMS 0x000000070fa00000, 0x000000070f800000| Complete 
|  93|0x000000070fa00000, 0x000000070fc00000, 0x000000070fc00000|100%|HS|  |TAMS 0x000000070fc00000, 0x000000070fa00000| Complete 
|  94|0x000000070fc00000, 0x000000070fe00000, 0x000000070fe00000|100%|HS|  |TAMS 0x000000070fe00000, 0x000000070fc00000| Complete 
|  95|0x000000070fe00000, 0x0000000710000000, 0x0000000710000000|100%|HS|  |TAMS 0x0000000710000000, 0x000000070fe00000| Complete 
|  96|0x0000000710000000, 0x0000000710200000, 0x0000000710200000|100%|HS|  |TAMS 0x0000000710200000, 0x0000000710000000| Complete 
|  97|0x0000000710200000, 0x0000000710400000, 0x0000000710400000|100%|HS|  |TAMS 0x0000000710400000, 0x0000000710200000| Complete 
|  98|0x0000000710400000, 0x0000000710600000, 0x0000000710600000|100%|HS|  |TAMS 0x0000000710600000, 0x0000000710400000| Complete 
|  99|0x0000000710600000, 0x0000000710800000, 0x0000000710800000|100%|HS|  |TAMS 0x0000000710800000, 0x0000000710600000| Complete 
| 100|0x0000000710800000, 0x0000000710a00000, 0x0000000710a00000|100%| O|  |TAMS 0x0000000710a00000, 0x0000000710800000| Updating 
| 101|0x0000000710a00000, 0x0000000710c00000, 0x0000000710c00000|100%| O|  |TAMS 0x0000000710c00000, 0x0000000710a00000| Updating 
| 102|0x0000000710c00000, 0x0000000710e00000, 0x0000000710e00000|100%| O|  |TAMS 0x0000000710e00000, 0x0000000710c00000| Updating 
| 103|0x0000000710e00000, 0x0000000711000000, 0x0000000711000000|100%| O|  |TAMS 0x0000000711000000, 0x0000000710e00000| Untracked 
| 104|0x0000000711000000, 0x0000000711200000, 0x0000000711200000|100%|HS|  |TAMS 0x0000000711200000, 0x0000000711000000| Complete 
| 105|0x0000000711200000, 0x0000000711400000, 0x0000000711400000|100%| O|  |TAMS 0x0000000711400000, 0x0000000711200000| Untracked 
| 106|0x0000000711400000, 0x0000000711600000, 0x0000000711600000|100%| O|  |TAMS 0x0000000711600000, 0x0000000711400000| Updating 
| 107|0x0000000711600000, 0x0000000711800000, 0x0000000711800000|100%|HS|  |TAMS 0x0000000711800000, 0x0000000711600000| Complete 
| 108|0x0000000711800000, 0x0000000711a00000, 0x0000000711a00000|100%| O|  |TAMS 0x0000000711a00000, 0x0000000711800000| Untracked 
| 109|0x0000000711a00000, 0x0000000711c00000, 0x0000000711c00000|100%| O|  |TAMS 0x0000000711c00000, 0x0000000711a00000| Untracked 
| 110|0x0000000711c00000, 0x0000000711e00000, 0x0000000711e00000|100%|HS|  |TAMS 0x0000000711e00000, 0x0000000711c00000| Complete 
| 111|0x0000000711e00000, 0x0000000712000000, 0x0000000712000000|100%| O|  |TAMS 0x0000000712000000, 0x0000000711e00000| Updating 
| 112|0x0000000712000000, 0x0000000712200000, 0x0000000712200000|100%| O|  |TAMS 0x0000000712200000, 0x0000000712000000| Untracked 
| 113|0x0000000712200000, 0x0000000712400000, 0x0000000712400000|100%| O|  |TAMS 0x0000000712400000, 0x0000000712200000| Untracked 
| 114|0x0000000712400000, 0x0000000712600000, 0x0000000712600000|100%| O|  |TAMS 0x0000000712600000, 0x0000000712400000| Untracked 
| 115|0x0000000712600000, 0x0000000712800000, 0x0000000712800000|100%|HS|  |TAMS 0x0000000712800000, 0x0000000712600000| Complete 
| 116|0x0000000712800000, 0x0000000712a00000, 0x0000000712a00000|100%| O|  |TAMS 0x0000000712a00000, 0x0000000712800000| Updating 
| 117|0x0000000712a00000, 0x0000000712c00000, 0x0000000712c00000|100%| O|  |TAMS 0x0000000712c00000, 0x0000000712a00000| Untracked 
| 118|0x0000000712c00000, 0x0000000712e00000, 0x0000000712e00000|100%| O|  |TAMS 0x0000000712e00000, 0x0000000712c00000| Updating 
| 119|0x0000000712e00000, 0x0000000713000000, 0x0000000713000000|100%|HS|  |TAMS 0x0000000713000000, 0x0000000712e00000| Complete 
| 120|0x0000000713000000, 0x0000000713200000, 0x0000000713200000|100%| O|  |TAMS 0x0000000713200000, 0x0000000713000000| Updating 
| 121|0x0000000713200000, 0x0000000713400000, 0x0000000713400000|100%|HS|  |TAMS 0x0000000713400000, 0x0000000713200000| Complete 
| 122|0x0000000713400000, 0x0000000713600000, 0x0000000713600000|100%|HS|  |TAMS 0x0000000713600000, 0x0000000713400000| Complete 
| 123|0x0000000713600000, 0x0000000713800000, 0x0000000713800000|100%|HS|  |TAMS 0x0000000713800000, 0x0000000713600000| Complete 
| 124|0x0000000713800000, 0x0000000713a00000, 0x0000000713a00000|100%|HS|  |TAMS 0x0000000713a00000, 0x0000000713800000| Complete 
| 125|0x0000000713a00000, 0x0000000713c00000, 0x0000000713c00000|100%|HS|  |TAMS 0x0000000713c00000, 0x0000000713a00000| Complete 
| 126|0x0000000713c00000, 0x0000000713e00000, 0x0000000713e00000|100%|HS|  |TAMS 0x0000000713e00000, 0x0000000713c00000| Complete 
| 127|0x0000000713e00000, 0x0000000714000000, 0x0000000714000000|100%|HS|  |TAMS 0x0000000714000000, 0x0000000713e00000| Complete 
| 128|0x0000000714000000, 0x0000000714200000, 0x0000000714200000|100%| O|  |TAMS 0x0000000714200000, 0x0000000714000000| Updating 
| 129|0x0000000714200000, 0x0000000714400000, 0x0000000714400000|100%|HS|  |TAMS 0x0000000714400000, 0x0000000714200000| Complete 
| 130|0x0000000714400000, 0x0000000714600000, 0x0000000714600000|100%| O|  |TAMS 0x0000000714600000, 0x0000000714400000| Untracked 
| 131|0x0000000714600000, 0x0000000714800000, 0x0000000714800000|100%| O|  |TAMS 0x0000000714800000, 0x0000000714600000| Untracked 
| 132|0x0000000714800000, 0x0000000714a00000, 0x0000000714a00000|100%| O|  |TAMS 0x0000000714a00000, 0x0000000714800000| Updating 
| 133|0x0000000714a00000, 0x0000000714c00000, 0x0000000714c00000|100%|HS|  |TAMS 0x0000000714c00000, 0x0000000714a00000| Complete 
| 134|0x0000000714c00000, 0x0000000714e00000, 0x0000000714e00000|100%|HS|  |TAMS 0x0000000714e00000, 0x0000000714c00000| Complete 
| 135|0x0000000714e00000, 0x0000000715000000, 0x0000000715000000|100%|HS|  |TAMS 0x0000000715000000, 0x0000000714e00000| Complete 
| 136|0x0000000715000000, 0x0000000715200000, 0x0000000715200000|100%|HS|  |TAMS 0x0000000715200000, 0x0000000715000000| Complete 
| 137|0x0000000715200000, 0x0000000715400000, 0x0000000715400000|100%| O|  |TAMS 0x0000000715400000, 0x0000000715200000| Untracked 
| 138|0x0000000715400000, 0x0000000715600000, 0x0000000715600000|100%| O|  |TAMS 0x0000000715600000, 0x0000000715400000| Untracked 
| 139|0x0000000715600000, 0x0000000715800000, 0x0000000715800000|100%| O|  |TAMS 0x0000000715800000, 0x0000000715600000| Untracked 
| 140|0x0000000715800000, 0x0000000715a00000, 0x0000000715a00000|100%| O|  |TAMS 0x0000000715a00000, 0x0000000715800000| Untracked 
| 141|0x0000000715a00000, 0x0000000715c00000, 0x0000000715c00000|100%| O|  |TAMS 0x0000000715c00000, 0x0000000715a00000| Updating 
| 142|0x0000000715c00000, 0x0000000715e00000, 0x0000000715e00000|100%| O|  |TAMS 0x0000000715e00000, 0x0000000715c00000| Untracked 
| 143|0x0000000715e00000, 0x0000000716000000, 0x0000000716000000|100%|HS|  |TAMS 0x0000000716000000, 0x0000000715e00000| Complete 
| 144|0x0000000716000000, 0x0000000716200000, 0x0000000716200000|100%|HS|  |TAMS 0x0000000716200000, 0x0000000716000000| Complete 
| 145|0x0000000716200000, 0x0000000716400000, 0x0000000716400000|100%|HS|  |TAMS 0x0000000716400000, 0x0000000716200000| Complete 
| 146|0x0000000716400000, 0x0000000716600000, 0x0000000716600000|100%|HS|  |TAMS 0x0000000716600000, 0x0000000716400000| Complete 
| 147|0x0000000716600000, 0x0000000716800000, 0x0000000716800000|100%|HS|  |TAMS 0x0000000716800000, 0x0000000716600000| Complete 
| 148|0x0000000716800000, 0x0000000716a00000, 0x0000000716a00000|100%|HS|  |TAMS 0x0000000716a00000, 0x0000000716800000| Complete 
| 149|0x0000000716a00000, 0x0000000716c00000, 0x0000000716c00000|100%|HS|  |TAMS 0x0000000716c00000, 0x0000000716a00000| Complete 
| 150|0x0000000716c00000, 0x0000000716e00000, 0x0000000716e00000|100%| O|  |TAMS 0x0000000716e00000, 0x0000000716c00000| Updating 
| 151|0x0000000716e00000, 0x0000000717000000, 0x0000000717000000|100%| O|  |TAMS 0x0000000717000000, 0x0000000716e00000| Updating 
| 152|0x0000000717000000, 0x0000000717200000, 0x0000000717200000|100%| O|  |TAMS 0x0000000717200000, 0x0000000717000000| Untracked 
| 153|0x0000000717200000, 0x0000000717400000, 0x0000000717400000|100%| O|  |TAMS 0x0000000717400000, 0x0000000717200000| Updating 
| 154|0x0000000717400000, 0x0000000717600000, 0x0000000717600000|100%| O|  |TAMS 0x0000000717600000, 0x0000000717400000| Updating 
| 155|0x0000000717600000, 0x0000000717800000, 0x0000000717800000|100%| O|  |TAMS 0x0000000717800000, 0x0000000717600000| Updating 
| 156|0x0000000717800000, 0x0000000717a00000, 0x0000000717a00000|100%| O|  |TAMS 0x0000000717a00000, 0x0000000717800000| Updating 
| 157|0x0000000717a00000, 0x0000000717c00000, 0x0000000717c00000|100%| O|  |TAMS 0x0000000717c00000, 0x0000000717a00000| Updating 
| 158|0x0000000717c00000, 0x0000000717e00000, 0x0000000717e00000|100%| O|  |TAMS 0x0000000717e00000, 0x0000000717c00000| Updating 
| 159|0x0000000717e00000, 0x0000000718000000, 0x0000000718000000|100%| O|  |TAMS 0x0000000718000000, 0x0000000717e00000| Untracked 
| 160|0x0000000718000000, 0x0000000718200000, 0x0000000718200000|100%|HS|  |TAMS 0x0000000718200000, 0x0000000718000000| Complete 
| 161|0x0000000718200000, 0x0000000718400000, 0x0000000718400000|100%|HS|  |TAMS 0x0000000718400000, 0x0000000718200000| Complete 
| 162|0x0000000718400000, 0x0000000718600000, 0x0000000718600000|100%|HS|  |TAMS 0x0000000718600000, 0x0000000718400000| Complete 
| 163|0x0000000718600000, 0x0000000718800000, 0x0000000718800000|100%|HS|  |TAMS 0x0000000718800000, 0x0000000718600000| Complete 
| 164|0x0000000718800000, 0x0000000718a00000, 0x0000000718a00000|100%|HS|  |TAMS 0x0000000718a00000, 0x0000000718800000| Complete 
| 165|0x0000000718a00000, 0x0000000718c00000, 0x0000000718c00000|100%|HS|  |TAMS 0x0000000718c00000, 0x0000000718a00000| Complete 
| 166|0x0000000718c00000, 0x0000000718e00000, 0x0000000718e00000|100%|HS|  |TAMS 0x0000000718e00000, 0x0000000718c00000| Complete 
| 167|0x0000000718e00000, 0x0000000719000000, 0x0000000719000000|100%|HS|  |TAMS 0x0000000719000000, 0x0000000718e00000| Complete 
| 168|0x0000000719000000, 0x0000000719200000, 0x0000000719200000|100%|HS|  |TAMS 0x0000000719200000, 0x0000000719000000| Complete 
| 169|0x0000000719200000, 0x0000000719400000, 0x0000000719400000|100%|HS|  |TAMS 0x0000000719400000, 0x0000000719200000| Complete 
| 170|0x0000000719400000, 0x0000000719600000, 0x0000000719600000|100%|HS|  |TAMS 0x0000000719600000, 0x0000000719400000| Complete 
| 171|0x0000000719600000, 0x0000000719800000, 0x0000000719800000|100%|HS|  |TAMS 0x0000000719800000, 0x0000000719600000| Complete 
| 172|0x0000000719800000, 0x0000000719a00000, 0x0000000719a00000|100%|HS|  |TAMS 0x0000000719a00000, 0x0000000719800000| Complete 
| 173|0x0000000719a00000, 0x0000000719c00000, 0x0000000719c00000|100%|HS|  |TAMS 0x0000000719c00000, 0x0000000719a00000| Complete 
| 174|0x0000000719c00000, 0x0000000719e00000, 0x0000000719e00000|100%|HS|  |TAMS 0x0000000719e00000, 0x0000000719c00000| Complete 
| 175|0x0000000719e00000, 0x000000071a000000, 0x000000071a000000|100%|HS|  |TAMS 0x000000071a000000, 0x0000000719e00000| Complete 
| 176|0x000000071a000000, 0x000000071a200000, 0x000000071a200000|100%|HS|  |TAMS 0x000000071a200000, 0x000000071a000000| Complete 
| 177|0x000000071a200000, 0x000000071a400000, 0x000000071a400000|100%|HS|  |TAMS 0x000000071a400000, 0x000000071a200000| Complete 
| 178|0x000000071a400000, 0x000000071a600000, 0x000000071a600000|100%|HS|  |TAMS 0x000000071a600000, 0x000000071a400000| Complete 
| 179|0x000000071a600000, 0x000000071a800000, 0x000000071a800000|100%|HS|  |TAMS 0x000000071a800000, 0x000000071a600000| Complete 
| 180|0x000000071a800000, 0x000000071aa00000, 0x000000071aa00000|100%|HS|  |TAMS 0x000000071aa00000, 0x000000071a800000| Complete 
| 181|0x000000071aa00000, 0x000000071ac00000, 0x000000071ac00000|100%|HS|  |TAMS 0x000000071ac00000, 0x000000071aa00000| Complete 
| 182|0x000000071ac00000, 0x000000071ae00000, 0x000000071ae00000|100%|HS|  |TAMS 0x000000071ae00000, 0x000000071ac00000| Complete 
| 183|0x000000071ae00000, 0x000000071b000000, 0x000000071b000000|100%|HS|  |TAMS 0x000000071b000000, 0x000000071ae00000| Complete 
| 184|0x000000071b000000, 0x000000071b200000, 0x000000071b200000|100%|HS|  |TAMS 0x000000071b200000, 0x000000071b000000| Complete 
| 185|0x000000071b200000, 0x000000071b400000, 0x000000071b400000|100%| O|  |TAMS 0x000000071b400000, 0x000000071b200000| Untracked 
| 186|0x000000071b400000, 0x000000071b600000, 0x000000071b600000|100%|HS|  |TAMS 0x000000071b600000, 0x000000071b400000| Complete 
| 187|0x000000071b600000, 0x000000071b800000, 0x000000071b800000|100%| O|  |TAMS 0x000000071b800000, 0x000000071b600000| Updating 
| 188|0x000000071b800000, 0x000000071ba00000, 0x000000071ba00000|100%| O|  |TAMS 0x000000071ba00000, 0x000000071b800000| Updating 
| 189|0x000000071ba00000, 0x000000071bc00000, 0x000000071bc00000|100%| O|  |TAMS 0x000000071bc00000, 0x000000071ba00000| Updating 
| 190|0x000000071bc00000, 0x000000071be00000, 0x000000071be00000|100%| O|  |TAMS 0x000000071be00000, 0x000000071bc00000| Updating 
| 191|0x000000071be00000, 0x000000071c000000, 0x000000071c000000|100%| O|  |TAMS 0x000000071c000000, 0x000000071be00000| Updating 
| 192|0x000000071c000000, 0x000000071c200000, 0x000000071c200000|100%| O|  |TAMS 0x000000071c200000, 0x000000071c000000| Updating 
| 193|0x000000071c200000, 0x000000071c400000, 0x000000071c400000|100%| O|  |TAMS 0x000000071c400000, 0x000000071c200000| Updating 
| 194|0x000000071c400000, 0x000000071c600000, 0x000000071c600000|100%| O|  |TAMS 0x000000071c600000, 0x000000071c400000| Updating 
| 195|0x000000071c600000, 0x000000071c800000, 0x000000071c800000|100%| O|  |TAMS 0x000000071c800000, 0x000000071c600000| Updating 
| 196|0x000000071c800000, 0x000000071ca00000, 0x000000071ca00000|100%| O|  |TAMS 0x000000071ca00000, 0x000000071c800000| Updating 
| 197|0x000000071ca00000, 0x000000071cc00000, 0x000000071cc00000|100%| O|  |TAMS 0x000000071cc00000, 0x000000071ca00000| Untracked 
| 198|0x000000071cc00000, 0x000000071ce00000, 0x000000071ce00000|100%| O|  |TAMS 0x000000071ce00000, 0x000000071cc00000| Updating 
| 199|0x000000071ce00000, 0x000000071d000000, 0x000000071d000000|100%| O|  |TAMS 0x000000071d000000, 0x000000071ce00000| Untracked 
| 200|0x000000071d000000, 0x000000071d200000, 0x000000071d200000|100%| O|  |TAMS 0x000000071d200000, 0x000000071d000000| Untracked 
| 201|0x000000071d200000, 0x000000071d400000, 0x000000071d400000|100%| O|  |TAMS 0x000000071d400000, 0x000000071d200000| Updating 
| 202|0x000000071d400000, 0x000000071d600000, 0x000000071d600000|100%| O|  |TAMS 0x000000071d600000, 0x000000071d400000| Updating 
| 203|0x000000071d600000, 0x000000071d800000, 0x000000071d800000|100%| O|  |TAMS 0x000000071d800000, 0x000000071d600000| Updating 
| 204|0x000000071d800000, 0x000000071da00000, 0x000000071da00000|100%| O|  |TAMS 0x000000071da00000, 0x000000071d800000| Untracked 
| 205|0x000000071da00000, 0x000000071dc00000, 0x000000071dc00000|100%| O|  |TAMS 0x000000071dc00000, 0x000000071da00000| Updating 
| 206|0x000000071dc00000, 0x000000071de00000, 0x000000071de00000|100%| O|  |TAMS 0x000000071de00000, 0x000000071dc00000| Untracked 
| 207|0x000000071de00000, 0x000000071e000000, 0x000000071e000000|100%| O|  |TAMS 0x000000071e000000, 0x000000071de00000| Updating 
| 208|0x000000071e000000, 0x000000071e200000, 0x000000071e200000|100%| O|  |TAMS 0x000000071e200000, 0x000000071e000000| Updating 
| 209|0x000000071e200000, 0x000000071e400000, 0x000000071e400000|100%| O|  |TAMS 0x000000071e400000, 0x000000071e200000| Untracked 
| 210|0x000000071e400000, 0x000000071e600000, 0x000000071e600000|100%| O|  |TAMS 0x000000071e600000, 0x000000071e400000| Updating 
| 211|0x000000071e600000, 0x000000071e800000, 0x000000071e800000|100%| O|  |TAMS 0x000000071e800000, 0x000000071e600000| Untracked 
| 212|0x000000071e800000, 0x000000071ea00000, 0x000000071ea00000|100%| O|  |TAMS 0x000000071ea00000, 0x000000071e800000| Untracked 
| 213|0x000000071ea00000, 0x000000071ec00000, 0x000000071ec00000|100%| O|  |TAMS 0x000000071ec00000, 0x000000071ea00000| Updating 
| 214|0x000000071ec00000, 0x000000071ee00000, 0x000000071ee00000|100%| O|  |TAMS 0x000000071ee00000, 0x000000071ec00000| Updating 
| 215|0x000000071ee00000, 0x000000071f000000, 0x000000071f000000|100%| O|  |TAMS 0x000000071f000000, 0x000000071ee00000| Untracked 
| 216|0x000000071f000000, 0x000000071f200000, 0x000000071f200000|100%| O|  |TAMS 0x000000071f200000, 0x000000071f000000| Updating 
| 217|0x000000071f200000, 0x000000071f400000, 0x000000071f400000|100%| O|  |TAMS 0x000000071f400000, 0x000000071f200000| Updating 
| 218|0x000000071f400000, 0x000000071f600000, 0x000000071f600000|100%| O|  |TAMS 0x000000071f600000, 0x000000071f400000| Untracked 
| 219|0x000000071f600000, 0x000000071f600000, 0x000000071f800000|  0%| F|  |TAMS 0x000000071f600000, 0x000000071f600000| Untracked 
| 220|0x000000071f800000, 0x000000071f800000, 0x000000071fa00000|  0%| F|  |TAMS 0x000000071f800000, 0x000000071f800000| Untracked 
| 221|0x000000071fa00000, 0x000000071fa00000, 0x000000071fc00000|  0%| F|  |TAMS 0x000000071fa00000, 0x000000071fa00000| Untracked 
| 222|0x000000071fc00000, 0x000000071fc00000, 0x000000071fe00000|  0%| F|  |TAMS 0x000000071fc00000, 0x000000071fc00000| Untracked 
| 223|0x000000071fe00000, 0x0000000720000000, 0x0000000720000000|100%|HS|  |TAMS 0x0000000720000000, 0x000000071fe00000| Complete 
| 224|0x0000000720000000, 0x0000000720200000, 0x0000000720200000|100%| O|  |TAMS 0x0000000720200000, 0x0000000720000000| Updating 
| 225|0x0000000720200000, 0x0000000720400000, 0x0000000720400000|100%| O|  |TAMS 0x0000000720400000, 0x0000000720200000| Updating 
| 226|0x0000000720400000, 0x0000000720600000, 0x0000000720600000|100%| O|  |TAMS 0x0000000720600000, 0x0000000720400000| Updating 
| 227|0x0000000720600000, 0x0000000720800000, 0x0000000720800000|100%| O|  |TAMS 0x0000000720800000, 0x0000000720600000| Updating 
| 228|0x0000000720800000, 0x0000000720800000, 0x0000000720a00000|  0%| F|  |TAMS 0x0000000720800000, 0x0000000720800000| Untracked 
| 229|0x0000000720a00000, 0x0000000720c00000, 0x0000000720c00000|100%| O|  |TAMS 0x0000000720c00000, 0x0000000720a00000| Updating 
| 230|0x0000000720c00000, 0x0000000720e00000, 0x0000000720e00000|100%|HS|  |TAMS 0x0000000720e00000, 0x0000000720c00000| Complete 
| 231|0x0000000720e00000, 0x0000000721000000, 0x0000000721000000|100%|HS|  |TAMS 0x0000000721000000, 0x0000000720e00000| Complete 
| 232|0x0000000721000000, 0x0000000721200000, 0x0000000721200000|100%|HS|  |TAMS 0x0000000721200000, 0x0000000721000000| Complete 
| 233|0x0000000721200000, 0x0000000721400000, 0x0000000721400000|100%|HC|  |TAMS 0x0000000721400000, 0x0000000721200000| Complete 
| 234|0x0000000721400000, 0x0000000721600000, 0x0000000721600000|100%|HC|  |TAMS 0x0000000721600000, 0x0000000721400000| Complete 
| 235|0x0000000721600000, 0x0000000721800000, 0x0000000721800000|100%|HC|  |TAMS 0x0000000721800000, 0x0000000721600000| Complete 
| 236|0x0000000721800000, 0x0000000721a00000, 0x0000000721a00000|100%|HS|  |TAMS 0x0000000721a00000, 0x0000000721800000| Complete 
| 237|0x0000000721a00000, 0x0000000721c00000, 0x0000000721c00000|100%|HC|  |TAMS 0x0000000721c00000, 0x0000000721a00000| Complete 
| 238|0x0000000721c00000, 0x0000000721e00000, 0x0000000721e00000|100%|HC|  |TAMS 0x0000000721e00000, 0x0000000721c00000| Complete 
| 239|0x0000000721e00000, 0x0000000722000000, 0x0000000722000000|100%|HC|  |TAMS 0x0000000722000000, 0x0000000721e00000| Complete 
| 240|0x0000000722000000, 0x0000000722200000, 0x0000000722200000|100%|HC|  |TAMS 0x0000000722200000, 0x0000000722000000| Complete 
| 241|0x0000000722200000, 0x0000000722400000, 0x0000000722400000|100%|HC|  |TAMS 0x0000000722400000, 0x0000000722200000| Complete 
| 242|0x0000000722400000, 0x0000000722600000, 0x0000000722600000|100%|HC|  |TAMS 0x0000000722600000, 0x0000000722400000| Complete 
| 243|0x0000000722600000, 0x0000000722800000, 0x0000000722800000|100%|HS|  |TAMS 0x0000000722800000, 0x0000000722600000| Complete 
| 244|0x0000000722800000, 0x0000000722a00000, 0x0000000722a00000|100%| O|  |TAMS 0x0000000722a00000, 0x0000000722800000| Untracked 
| 245|0x0000000722a00000, 0x0000000722c00000, 0x0000000722c00000|100%| O|  |TAMS 0x0000000722c00000, 0x0000000722a00000| Untracked 
| 246|0x0000000722c00000, 0x0000000722e00000, 0x0000000722e00000|100%| O|  |TAMS 0x0000000722e00000, 0x0000000722c00000| Updating 
| 247|0x0000000722e00000, 0x0000000723000000, 0x0000000723000000|100%|HS|  |TAMS 0x0000000723000000, 0x0000000722e00000| Complete 
| 248|0x0000000723000000, 0x0000000723200000, 0x0000000723200000|100%|HS|  |TAMS 0x0000000723200000, 0x0000000723000000| Complete 
| 249|0x0000000723200000, 0x0000000723400000, 0x0000000723400000|100%|HS|  |TAMS 0x0000000723400000, 0x0000000723200000| Complete 
| 250|0x0000000723400000, 0x0000000723600000, 0x0000000723600000|100%| O|  |TAMS 0x0000000723600000, 0x0000000723400000| Untracked 
| 251|0x0000000723600000, 0x0000000723800000, 0x0000000723800000|100%| O|  |TAMS 0x0000000723800000, 0x0000000723600000| Updating 
| 252|0x0000000723800000, 0x0000000723a00000, 0x0000000723a00000|100%| O|  |TAMS 0x0000000723a00000, 0x0000000723800000| Untracked 
| 253|0x0000000723a00000, 0x0000000723c00000, 0x0000000723c00000|100%| O|  |TAMS 0x0000000723c00000, 0x0000000723a00000| Untracked 
| 254|0x0000000723c00000, 0x0000000723e00000, 0x0000000723e00000|100%| O|  |TAMS 0x0000000723dc7200, 0x0000000723c00000| Updating 
| 255|0x0000000723e00000, 0x0000000724000000, 0x0000000724000000|100%| O|  |TAMS 0x0000000723e00000, 0x0000000723e00000| Untracked 
| 256|0x0000000724000000, 0x0000000724200000, 0x0000000724200000|100%| O|  |TAMS 0x0000000724000000, 0x0000000724000000| Untracked 
| 257|0x0000000724200000, 0x0000000724400000, 0x0000000724400000|100%| O|  |TAMS 0x0000000724200000, 0x0000000724200000| Untracked 
| 258|0x0000000724400000, 0x00000007244e3a00, 0x0000000724600000| 44%| O|  |TAMS 0x0000000724400000, 0x0000000724400000| Updating 
| 259|0x0000000724600000, 0x0000000724800000, 0x0000000724800000|100%|HS|  |TAMS 0x0000000724600000, 0x0000000724600000| Complete 
| 260|0x0000000724800000, 0x0000000724800000, 0x0000000724a00000|  0%| F|  |TAMS 0x0000000724800000, 0x0000000724800000| Untracked 
| 261|0x0000000724a00000, 0x0000000724a00000, 0x0000000724c00000|  0%| F|  |TAMS 0x0000000724a00000, 0x0000000724a00000| Untracked 
| 262|0x0000000724c00000, 0x0000000724c00000, 0x0000000724e00000|  0%| F|  |TAMS 0x0000000724c00000, 0x0000000724c00000| Untracked 
| 263|0x0000000724e00000, 0x0000000724e00000, 0x0000000725000000|  0%| F|  |TAMS 0x0000000724e00000, 0x0000000724e00000| Untracked 
| 264|0x0000000725000000, 0x0000000725000000, 0x0000000725200000|  0%| F|  |TAMS 0x0000000725000000, 0x0000000725000000| Untracked 
| 265|0x0000000725200000, 0x0000000725200000, 0x0000000725400000|  0%| F|  |TAMS 0x0000000725200000, 0x0000000725200000| Untracked 
| 266|0x0000000725400000, 0x0000000725400000, 0x0000000725600000|  0%| F|  |TAMS 0x0000000725400000, 0x0000000725400000| Untracked 
| 267|0x0000000725600000, 0x0000000725600000, 0x0000000725800000|  0%| F|  |TAMS 0x0000000725600000, 0x0000000725600000| Untracked 
| 268|0x0000000725800000, 0x0000000725800000, 0x0000000725a00000|  0%| F|  |TAMS 0x0000000725800000, 0x0000000725800000| Untracked 
| 269|0x0000000725a00000, 0x0000000725a00000, 0x0000000725c00000|  0%| F|  |TAMS 0x0000000725a00000, 0x0000000725a00000| Untracked 
| 270|0x0000000725c00000, 0x0000000725c00000, 0x0000000725e00000|  0%| F|  |TAMS 0x0000000725c00000, 0x0000000725c00000| Untracked 
| 271|0x0000000725e00000, 0x0000000725e00000, 0x0000000726000000|  0%| F|  |TAMS 0x0000000725e00000, 0x0000000725e00000| Untracked 
| 272|0x0000000726000000, 0x0000000726000000, 0x0000000726200000|  0%| F|  |TAMS 0x0000000726000000, 0x0000000726000000| Untracked 
| 273|0x0000000726200000, 0x0000000726200000, 0x0000000726400000|  0%| F|  |TAMS 0x0000000726200000, 0x0000000726200000| Untracked 
| 274|0x0000000726400000, 0x0000000726400000, 0x0000000726600000|  0%| F|  |TAMS 0x0000000726400000, 0x0000000726400000| Untracked 
| 275|0x0000000726600000, 0x0000000726600000, 0x0000000726800000|  0%| F|  |TAMS 0x0000000726600000, 0x0000000726600000| Untracked 
| 276|0x0000000726800000, 0x0000000726800000, 0x0000000726a00000|  0%| F|  |TAMS 0x0000000726800000, 0x0000000726800000| Untracked 
| 277|0x0000000726a00000, 0x0000000726a00000, 0x0000000726c00000|  0%| F|  |TAMS 0x0000000726a00000, 0x0000000726a00000| Untracked 
| 278|0x0000000726c00000, 0x0000000726c00000, 0x0000000726e00000|  0%| F|  |TAMS 0x0000000726c00000, 0x0000000726c00000| Untracked 
| 279|0x0000000726e00000, 0x0000000726e00000, 0x0000000727000000|  0%| F|  |TAMS 0x0000000726e00000, 0x0000000726e00000| Untracked 
| 280|0x0000000727000000, 0x0000000727000000, 0x0000000727200000|  0%| F|  |TAMS 0x0000000727000000, 0x0000000727000000| Untracked 
| 281|0x0000000727200000, 0x0000000727200000, 0x0000000727400000|  0%| F|  |TAMS 0x0000000727200000, 0x0000000727200000| Untracked 
| 282|0x0000000727400000, 0x0000000727400000, 0x0000000727600000|  0%| F|  |TAMS 0x0000000727400000, 0x0000000727400000| Untracked 
| 283|0x0000000727600000, 0x0000000727600000, 0x0000000727800000|  0%| F|  |TAMS 0x0000000727600000, 0x0000000727600000| Untracked 
| 284|0x0000000727800000, 0x0000000727800000, 0x0000000727a00000|  0%| F|  |TAMS 0x0000000727800000, 0x0000000727800000| Untracked 
| 285|0x0000000727a00000, 0x0000000727a00000, 0x0000000727c00000|  0%| F|  |TAMS 0x0000000727a00000, 0x0000000727a00000| Untracked 
| 286|0x0000000727c00000, 0x0000000727c00000, 0x0000000727e00000|  0%| F|  |TAMS 0x0000000727c00000, 0x0000000727c00000| Untracked 
| 287|0x0000000727e00000, 0x0000000727e00000, 0x0000000728000000|  0%| F|  |TAMS 0x0000000727e00000, 0x0000000727e00000| Untracked 
| 288|0x0000000728000000, 0x000000072818fc50, 0x0000000728200000| 78%| S|CS|TAMS 0x0000000728000000, 0x0000000728000000| Complete 
|1996|0x00000007fd800000, 0x00000007fda00000, 0x00000007fda00000|100%| O|  |TAMS 0x00000007fda00000, 0x00000007fd800000| Untracked 
|1997|0x00000007fda00000, 0x00000007fdc00000, 0x00000007fdc00000|100%| O|  |TAMS 0x00000007fdc00000, 0x00000007fda00000| Updating 
|1998|0x00000007fdc00000, 0x00000007fde00000, 0x00000007fde00000|100%| O|  |TAMS 0x00000007fde00000, 0x00000007fdc00000| Updating 
|1999|0x00000007fde00000, 0x00000007fe000000, 0x00000007fe000000|100%| O|  |TAMS 0x00000007fe000000, 0x00000007fde00000| Updating 
|2000|0x00000007fe000000, 0x00000007fe200000, 0x00000007fe200000|100%| O|  |TAMS 0x00000007fe200000, 0x00000007fe000000| Updating 
|2001|0x00000007fe200000, 0x00000007fe400000, 0x00000007fe400000|100%| O|  |TAMS 0x00000007fe400000, 0x00000007fe200000| Updating 
|2002|0x00000007fe400000, 0x00000007fe600000, 0x00000007fe600000|100%| O|  |TAMS 0x00000007fe600000, 0x00000007fe400000| Untracked 
|2003|0x00000007fe600000, 0x00000007fe600000, 0x00000007fe800000|  0%| F|  |TAMS 0x00000007fe600000, 0x00000007fe600000| Untracked 
|2004|0x00000007fe800000, 0x00000007fea00000, 0x00000007fea00000|100%| O|  |TAMS 0x00000007fea00000, 0x00000007fe800000| Updating 
|2005|0x00000007fea00000, 0x00000007fec00000, 0x00000007fec00000|100%| O|  |TAMS 0x00000007fec00000, 0x00000007fea00000| Updating 
|2006|0x00000007fec00000, 0x00000007fee00000, 0x00000007fee00000|100%| O|  |TAMS 0x00000007fee00000, 0x00000007fec00000| Updating 
|2007|0x00000007fee00000, 0x00000007ff000000, 0x00000007ff000000|100%| O|  |TAMS 0x00000007ff000000, 0x00000007fee00000| Updating 
|2008|0x00000007ff000000, 0x00000007ff200000, 0x00000007ff200000|100%| O|  |TAMS 0x00000007ff200000, 0x00000007ff000000| Untracked 
|2009|0x00000007ff200000, 0x00000007ff200000, 0x00000007ff400000|  0%| F|  |TAMS 0x00000007ff200000, 0x00000007ff200000| Untracked 
|2010|0x00000007ff400000, 0x00000007ff51f458, 0x00000007ff600000| 56%| E|  |TAMS 0x00000007ff400000, 0x00000007ff400000| Complete 
|2011|0x00000007ff600000, 0x00000007ff800000, 0x00000007ff800000|100%| O|  |TAMS 0x00000007ff800000, 0x00000007ff600000| Updating 
|2012|0x00000007ff800000, 0x00000007ffa00000, 0x00000007ffa00000|100%| O|  |TAMS 0x00000007ffa00000, 0x00000007ff800000| Updating 
|2013|0x00000007ffa00000, 0x00000007ffc00000, 0x00000007ffc00000|100%| O|  |TAMS 0x00000007ffc00000, 0x00000007ffa00000| Updating 
|2014|0x00000007ffc00000, 0x00000007ffe00000, 0x00000007ffe00000|100%| O|  |TAMS 0x00000007ffe00000, 0x00000007ffc00000| Updating 
|2015|0x00000007ffe00000, 0x0000000800000000, 0x0000000800000000|100%| O|  |TAMS 0x0000000800000000, 0x00000007ffe00000| Updating 

Card table byte_map: [0x000001bc39580000,0x000001bc39d60000] _byte_map_base: 0x000001bc35d60000

Marking Bits (Prev, Next): (CMBitMap*) 0x000001bc25ec75c0, (CMBitMap*) 0x000001bc25ec7580
 Prev Bits: [0x000001bc3e440000, 0x000001bc42340000)
 Next Bits: [0x000001bc3a540000, 0x000001bc3e440000)

Polling page: 0x000001bc23d80000

Metaspace:

Usage:
  Non-class:     18.59 MB used.
      Class:      2.19 MB used.
       Both:     20.78 MB used.

Virtual space:
  Non-class space:       64.00 MB reserved,      18.69 MB ( 29%) committed,  1 nodes.
      Class space:        1.00 GB reserved,       2.31 MB ( <1%) committed,  1 nodes.
             Both:        1.06 GB reserved,      21.00 MB (  2%) committed. 

Chunk freelists:
   Non-Class:  12.91 MB
       Class:  13.66 MB
        Both:  26.57 MB

MaxMetaspaceSize: unlimited
CompressedClassSpaceSize: 1.00 GB
Initial GC threshold: 21.00 MB
Current GC threshold: 34.38 MB
CDS: off
MetaspaceReclaimPolicy: balanced
 - commit_granule_bytes: 65536.
 - commit_granule_words: 8192.
 - virtual_space_node_default_size: 8388608.
 - enlarge_chunks_in_place: 1.
 - new_chunks_are_fully_committed: 0.
 - uncommit_free_chunks: 1.
 - use_allocation_guard: 0.
 - handle_deallocations: 1.


Internal statistics:

num_allocs_failed_limit: 0.
num_arena_births: 148.
num_arena_deaths: 0.
num_vsnodes_births: 2.
num_vsnodes_deaths: 0.
num_space_committed: 336.
num_space_uncommitted: 0.
num_chunks_returned_to_freelist: 0.
num_chunks_taken_from_freelist: 265.
num_chunk_merges: 0.
num_chunk_splits: 129.
num_chunks_enlarged: 46.
num_inconsistent_stats: 0.

CodeHeap 'non-profiled nmethods': size=119168Kb used=914Kb max_used=914Kb free=118253Kb
 bounds [0x000001bc310c0000, 0x000001bc31330000, 0x000001bc38520000]
CodeHeap 'profiled nmethods': size=119104Kb used=5803Kb max_used=5803Kb free=113300Kb
 bounds [0x000001bc29520000, 0x000001bc29ad0000, 0x000001bc30970000]
CodeHeap 'non-nmethods': size=7488Kb used=3020Kb max_used=3060Kb free=4467Kb
 bounds [0x000001bc30970000, 0x000001bc30c80000, 0x000001bc310c0000]
 total_blobs=3424 nmethods=2773 adapters=559
 compilation: enabled
              stopped_count=0, restarted_count=0
 full_count=0

Compilation events (20 events):
Event: 8.107 Thread 0x000001bc456fff80 2760       3       java.lang.invoke.MethodType$ConcurrentWeakInternSet::expungeStaleElements (27 bytes)
Event: 8.107 Thread 0x000001bc454c4750 2761       3       java.lang.invoke.MethodType$ConcurrentWeakInternSet::get (47 bytes)
Event: 8.107 Thread 0x000001bc456fff80 nmethod 2760 0x000001bc29ac3310 code [0x000001bc29ac34e0, 0x000001bc29ac39d8]
Event: 8.107 Thread 0x000001bc454c4750 nmethod 2761 0x000001bc29ac3b90 code [0x000001bc29ac3dc0, 0x000001bc29ac4758]
Event: 8.109 Thread 0x000001bc454c4750 2763       3       jdk.internal.misc.Unsafe::putFloat (8 bytes)
Event: 8.109 Thread 0x000001bc454c4750 nmethod 2763 0x000001bc29ac4a90 code [0x000001bc29ac4c20, 0x000001bc29ac4d38]
Event: 8.111 Thread 0x000001bc454c4750 2766       3       java.lang.invoke.MethodType::changeReturnType (20 bytes)
Event: 8.112 Thread 0x000001bc456ffa60 2768       3       java.lang.invoke.LambdaForm::normalize (322 bytes)
Event: 8.112 Thread 0x000001bc454c4750 nmethod 2766 0x000001bc29ac4e10 code [0x000001bc29ac4fc0, 0x000001bc29ac5188]
Event: 8.112 Thread 0x000001bc454c4750 2771       3       jdk.internal.org.objectweb.asm.Type::getReturnTypeOffset (64 bytes)
Event: 8.112 Thread 0x000001bc456fff80 2772       3       javax.swing.JComponent::getNextFocusableComponent (11 bytes)
Event: 8.112 Thread 0x000001bc457004a0 2773   !   3       java.awt.Component::setGraphicsConfiguration (34 bytes)
Event: 8.112 Thread 0x000001bc456ffa60 nmethod 2768 0x000001bc29ac5210 code [0x000001bc29ac54c0, 0x000001bc29ac6838]
Event: 8.112 Thread 0x000001bc456fff80 nmethod 2772 0x000001bc29ac6e90 code [0x000001bc29ac7040, 0x000001bc29ac7288]
Event: 8.112 Thread 0x000001bc454c4750 nmethod 2771 0x000001bc29ac7390 code [0x000001bc29ac76c0, 0x000001bc29ac8ab8]
Event: 8.112 Thread 0x000001bc457004a0 nmethod 2773 0x000001bc29ac9210 code [0x000001bc29ac93e0, 0x000001bc29ac9848]
Event: 8.113 Thread 0x000001bc457004a0 2774       3       java.util.ArrayList::fastRemove (44 bytes)
Event: 8.114 Thread 0x000001bc457004a0 nmethod 2774 0x000001bc29ac9a10 code [0x000001bc29ac9bc0, 0x000001bc29ac9fc8]
Event: 8.115 Thread 0x000001bc456fff80 2775       3       javax.swing.JLayeredPane::getLayer (51 bytes)
Event: 8.115 Thread 0x000001bc456fff80 nmethod 2775 0x000001bc29aca110 code [0x000001bc29aca340, 0x000001bc29acac88]

GC Heap History (20 events):
Event: 5.860 GC heap before
{Heap before GC invocations=11 (full 0):
 garbage-first heap   total 401408K, used 278973K [0x0000000704000000, 0x0000000800000000)
  region size 2048K, 3 young (6144K), 1 survivors (2048K)
 Metaspace       used 20704K, committed 20928K, reserved 1114112K
  class space    used 2187K, committed 2304K, reserved 1048576K
}
Event: 5.861 GC heap after
{Heap after GC invocations=12 (full 0):
 garbage-first heap   total 401408K, used 283355K [0x0000000704000000, 0x0000000800000000)
  region size 2048K, 3 young (6144K), 3 survivors (6144K)
 Metaspace       used 20704K, committed 20928K, reserved 1114112K
  class space    used 2187K, committed 2304K, reserved 1048576K
}
Event: 6.026 GC heap before
{Heap before GC invocations=13 (full 0):
 garbage-first heap   total 481280K, used 336603K [0x0000000704000000, 0x0000000800000000)
  region size 2048K, 22 young (45056K), 3 survivors (6144K)
 Metaspace       used 20738K, committed 20992K, reserved 1114112K
  class space    used 2187K, committed 2304K, reserved 1048576K
}
Event: 6.029 GC heap after
{Heap after GC invocations=14 (full 0):
 garbage-first heap   total 481280K, used 314256K [0x0000000704000000, 0x0000000800000000)
  region size 2048K, 3 young (6144K), 3 survivors (6144K)
 Metaspace       used 20738K, committed 20992K, reserved 1114112K
  class space    used 2187K, committed 2304K, reserved 1048576K
}
Event: 6.087 GC heap before
{Heap before GC invocations=14 (full 0):
 garbage-first heap   total 481280K, used 336784K [0x0000000704000000, 0x0000000800000000)
  region size 2048K, 11 young (22528K), 3 survivors (6144K)
 Metaspace       used 20740K, committed 20992K, reserved 1114112K
  class space    used 2187K, committed 2304K, reserved 1048576K
}
Event: 6.088 GC heap after
{Heap after GC invocations=15 (full 0):
 garbage-first heap   total 481280K, used 323360K [0x0000000704000000, 0x0000000800000000)
  region size 2048K, 2 young (4096K), 2 survivors (4096K)
 Metaspace       used 20740K, committed 20992K, reserved 1114112K
  class space    used 2187K, committed 2304K, reserved 1048576K
}
Event: 6.298 GC heap before
{Heap before GC invocations=15 (full 0):
 garbage-first heap   total 481280K, used 405280K [0x0000000704000000, 0x0000000800000000)
  region size 2048K, 31 young (63488K), 2 survivors (4096K)
 Metaspace       used 20853K, committed 21120K, reserved 1114112K
  class space    used 2187K, committed 2304K, reserved 1048576K
}
Event: 6.302 GC heap after
{Heap after GC invocations=16 (full 0):
 garbage-first heap   total 632832K, used 372512K [0x0000000704000000, 0x0000000800000000)
  region size 2048K, 4 young (8192K), 4 survivors (8192K)
 Metaspace       used 20853K, committed 21120K, reserved 1114112K
  class space    used 2187K, committed 2304K, reserved 1048576K
}
Event: 6.747 GC heap before
{Heap before GC invocations=17 (full 0):
 garbage-first heap   total 632832K, used 528160K [0x0000000704000000, 0x0000000800000000)
  region size 2048K, 58 young (118784K), 4 survivors (8192K)
 Metaspace       used 20867K, committed 21120K, reserved 1114112K
  class space    used 2191K, committed 2304K, reserved 1048576K
}
Event: 6.753 GC heap after
{Heap after GC invocations=18 (full 0):
 garbage-first heap   total 632832K, used 470812K [0x0000000704000000, 0x0000000800000000)
  region size 2048K, 8 young (16384K), 8 survivors (16384K)
 Metaspace       used 20867K, committed 21120K, reserved 1114112K
  class space    used 2191K, committed 2304K, reserved 1048576K
}
Event: 6.804 GC heap before
{Heap before GC invocations=18 (full 0):
 garbage-first heap   total 632832K, used 489244K [0x0000000704000000, 0x0000000800000000)
  region size 2048K, 15 young (30720K), 8 survivors (16384K)
 Metaspace       used 20868K, committed 21120K, reserved 1114112K
  class space    used 2191K, committed 2304K, reserved 1048576K
}
Event: 6.807 GC heap after
{Heap after GC invocations=19 (full 0):
 garbage-first heap   total 632832K, used 479004K [0x0000000704000000, 0x0000000800000000)
  region size 2048K, 2 young (4096K), 2 survivors (4096K)
 Metaspace       used 20868K, committed 21120K, reserved 1114112K
  class space    used 2191K, committed 2304K, reserved 1048576K
}
Event: 6.986 GC heap before
{Heap before GC invocations=19 (full 0):
 garbage-first heap   total 632832K, used 542492K [0x0000000704000000, 0x0000000800000000)
  region size 2048K, 25 young (51200K), 2 survivors (4096K)
 Metaspace       used 20971K, committed 21184K, reserved 1114112K
  class space    used 2220K, committed 2368K, reserved 1048576K
}
Event: 6.989 GC heap after
{Heap after GC invocations=20 (full 0):
 garbage-first heap   total 632832K, used 513824K [0x0000000704000000, 0x0000000800000000)
  region size 2048K, 4 young (8192K), 4 survivors (8192K)
 Metaspace       used 20971K, committed 21184K, reserved 1114112K
  class space    used 2220K, committed 2368K, reserved 1048576K
}
Event: 7.993 GC heap before
{Heap before GC invocations=20 (full 0):
 garbage-first heap   total 632832K, used 567072K [0x0000000704000000, 0x0000000800000000)
  region size 2048K, 17 young (34816K), 4 survivors (8192K)
 Metaspace       used 21261K, committed 21504K, reserved 1114112K
  class space    used 2237K, committed 2368K, reserved 1048576K
}
Event: 7.995 GC heap after
{Heap after GC invocations=21 (full 0):
 garbage-first heap   total 632832K, used 536975K [0x0000000704000000, 0x0000000800000000)
  region size 2048K, 2 young (4096K), 2 survivors (4096K)
 Metaspace       used 21261K, committed 21504K, reserved 1114112K
  class space    used 2237K, committed 2368K, reserved 1048576K
}
Event: 8.099 GC heap before
{Heap before GC invocations=21 (full 0):
 garbage-first heap   total 632832K, used 573839K [0x0000000704000000, 0x0000000800000000)
  region size 2048K, 15 young (30720K), 2 survivors (4096K)
 Metaspace       used 21263K, committed 21504K, reserved 1114112K
  class space    used 2237K, committed 2368K, reserved 1048576K
}
Event: 8.100 GC heap after
{Heap after GC invocations=22 (full 0):
 garbage-first heap   total 632832K, used 560924K [0x0000000704000000, 0x0000000800000000)
  region size 2048K, 2 young (4096K), 2 survivors (4096K)
 Metaspace       used 21263K, committed 21504K, reserved 1114112K
  class space    used 2237K, committed 2368K, reserved 1048576K
}
Event: 8.130 GC heap before
{Heap before GC invocations=22 (full 0):
 garbage-first heap   total 632832K, used 562972K [0x0000000704000000, 0x0000000800000000)
  region size 2048K, 5 young (10240K), 2 survivors (4096K)
 Metaspace       used 21279K, committed 21504K, reserved 1114112K
  class space    used 2239K, committed 2368K, reserved 1048576K
}
Event: 8.131 GC heap after
{Heap after GC invocations=23 (full 0):
 garbage-first heap   total 632832K, used 565709K [0x0000000704000000, 0x0000000800000000)
  region size 2048K, 1 young (2048K), 1 survivors (2048K)
 Metaspace       used 21279K, committed 21504K, reserved 1114112K
  class space    used 2239K, committed 2368K, reserved 1048576K
}

Dll operation events (9 events):
Event: 0.010 Loaded shared library C:\Users\merta\.p2\pool\plugins\org.eclipse.justj.openjdk.hotspot.jre.full.win32.x86_64_17.0.10.v20240120-1143\jre\bin\java.dll
Event: 0.133 Loaded shared library C:\Users\merta\.p2\pool\plugins\org.eclipse.justj.openjdk.hotspot.jre.full.win32.x86_64_17.0.10.v20240120-1143\jre\bin\net.dll
Event: 0.137 Loaded shared library C:\Users\merta\.p2\pool\plugins\org.eclipse.justj.openjdk.hotspot.jre.full.win32.x86_64_17.0.10.v20240120-1143\jre\bin\nio.dll
Event: 0.237 Loaded shared library C:\Users\merta\.p2\pool\plugins\org.eclipse.justj.openjdk.hotspot.jre.full.win32.x86_64_17.0.10.v20240120-1143\jre\bin\jimage.dll
Event: 0.245 Loaded shared library C:\Users\merta\.p2\pool\plugins\org.eclipse.justj.openjdk.hotspot.jre.full.win32.x86_64_17.0.10.v20240120-1143\jre\bin\awt.dll
Event: 0.421 Loaded shared library C:\Users\merta\.p2\pool\plugins\org.eclipse.justj.openjdk.hotspot.jre.full.win32.x86_64_17.0.10.v20240120-1143\jre\bin\zip.dll
Event: 0.508 Loaded shared library C:\Users\merta\.p2\pool\plugins\org.eclipse.justj.openjdk.hotspot.jre.full.win32.x86_64_17.0.10.v20240120-1143\jre\bin\freetype.dll
Event: 0.510 Loaded shared library C:\Users\merta\.p2\pool\plugins\org.eclipse.justj.openjdk.hotspot.jre.full.win32.x86_64_17.0.10.v20240120-1143\jre\bin\fontmanager.dll
Event: 7.029 Loaded shared library C:\Users\merta\.p2\pool\plugins\org.eclipse.justj.openjdk.hotspot.jre.full.win32.x86_64_17.0.10.v20240120-1143\jre\bin\javajpeg.dll

Deoptimization events (20 events):
Event: 7.044 Thread 0x000001bc4a1ab3c0 DEOPT PACKING pc=0x000001bc29a81aa0 sp=0x0000006f1f8fd820
Event: 7.044 Thread 0x000001bc4a1ab3c0 DEOPT UNPACKING pc=0x000001bc309cace3 sp=0x0000006f1f8fccf8 mode 0
Event: 7.044 Thread 0x000001bc4a1ab3c0 DEOPT PACKING pc=0x000001bc29a81aa0 sp=0x0000006f1f8fd820
Event: 7.044 Thread 0x000001bc4a1ab3c0 DEOPT UNPACKING pc=0x000001bc309cace3 sp=0x0000006f1f8fccf8 mode 0
Event: 7.064 Thread 0x000001bc4a1ab3c0 Uncommon trap: trap_request=0xffffff45 fr.pc=0x000001bc3115b428 relative=0x0000000000000268
Event: 7.064 Thread 0x000001bc4a1ab3c0 Uncommon trap: reason=unstable_if action=reinterpret pc=0x000001bc3115b428 method=java.lang.Math.min(JJ)J @ 3 c2
Event: 7.064 Thread 0x000001bc4a1ab3c0 DEOPT PACKING pc=0x000001bc3115b428 sp=0x0000006f1f8fd6a0
Event: 7.064 Thread 0x000001bc4a1ab3c0 DEOPT UNPACKING pc=0x000001bc309ca1a3 sp=0x0000006f1f8fd5d8 mode 2
Event: 7.067 Thread 0x000001bc4a1ab3c0 Uncommon trap: trap_request=0xffffffc6 fr.pc=0x000001bc311194b4 relative=0x0000000000000454
Event: 7.067 Thread 0x000001bc4a1ab3c0 Uncommon trap: reason=bimorphic_or_optimized_type_check action=maybe_recompile pc=0x000001bc311194b4 method=java.util.HashMap.getNode(Ljava/lang/Object;)Ljava/util/HashMap$Node; @ 128 c2
Event: 7.067 Thread 0x000001bc4a1ab3c0 DEOPT PACKING pc=0x000001bc311194b4 sp=0x0000006f1f8fe090
Event: 7.067 Thread 0x000001bc4a1ab3c0 DEOPT UNPACKING pc=0x000001bc309ca1a3 sp=0x0000006f1f8fdfa8 mode 2
Event: 7.067 Thread 0x000001bc4a1ab3c0 Uncommon trap: trap_request=0xffffffc6 fr.pc=0x000001bc311194b4 relative=0x0000000000000454
Event: 7.067 Thread 0x000001bc4a1ab3c0 Uncommon trap: reason=bimorphic_or_optimized_type_check action=maybe_recompile pc=0x000001bc311194b4 method=java.util.HashMap.getNode(Ljava/lang/Object;)Ljava/util/HashMap$Node; @ 128 c2
Event: 7.067 Thread 0x000001bc4a1ab3c0 DEOPT PACKING pc=0x000001bc311194b4 sp=0x0000006f1f8fe1a0
Event: 7.067 Thread 0x000001bc4a1ab3c0 DEOPT UNPACKING pc=0x000001bc309ca1a3 sp=0x0000006f1f8fe0b8 mode 2
Event: 7.722 Thread 0x000001bc4a1ab3c0 Uncommon trap: trap_request=0xffffff45 fr.pc=0x000001bc31132608 relative=0x0000000000000b88
Event: 7.722 Thread 0x000001bc4a1ab3c0 Uncommon trap: reason=unstable_if action=reinterpret pc=0x000001bc31132608 method=java.awt.Container.findComponentAtImpl(IIZ)Ljava/awt/Component; @ 131 c2
Event: 7.722 Thread 0x000001bc4a1ab3c0 DEOPT PACKING pc=0x000001bc31132608 sp=0x0000006f1f8feda0
Event: 7.722 Thread 0x000001bc4a1ab3c0 DEOPT UNPACKING pc=0x000001bc309ca1a3 sp=0x0000006f1f8fed50 mode 2

Classes unloaded (0 events):
No events

Classes redefined (0 events):
No events

Internal exceptions (20 events):
Event: 0.632 Thread 0x000001bc4a1ab3c0 Exception <a 'java/io/FileNotFoundException'{0x00000007131924f0}> (0x00000007131924f0) 
thrown [s\src\hotspot\share\prims\jni.cpp, line 516]
Event: 0.645 Thread 0x000001bc4a1ab3c0 Exception <a 'java/io/FileNotFoundException'{0x00000007131cf728}> (0x00000007131cf728) 
thrown [s\src\hotspot\share\prims\jni.cpp, line 516]
Event: 0.646 Thread 0x000001bc4a1ab3c0 Exception <a 'java/io/FileNotFoundException'{0x00000007131d1588}> (0x00000007131d1588) 
thrown [s\src\hotspot\share\prims\jni.cpp, line 516]
Event: 0.648 Thread 0x000001bc4a1ab3c0 Exception <a 'java/io/FileNotFoundException'{0x00000007131e98f8}> (0x00000007131e98f8) 
thrown [s\src\hotspot\share\prims\jni.cpp, line 516]
Event: 0.649 Thread 0x000001bc4a1ab3c0 Exception <a 'java/io/FileNotFoundException'{0x00000007131f4ca8}> (0x00000007131f4ca8) 
thrown [s\src\hotspot\share\prims\jni.cpp, line 516]
Event: 0.650 Thread 0x000001bc4a1ab3c0 Exception <a 'java/io/FileNotFoundException'{0x0000000712e02890}> (0x0000000712e02890) 
thrown [s\src\hotspot\share\prims\jni.cpp, line 516]
Event: 0.651 Thread 0x000001bc4a1ab3c0 Exception <a 'java/io/FileNotFoundException'{0x0000000712e0d268}> (0x0000000712e0d268) 
thrown [s\src\hotspot\share\prims\jni.cpp, line 516]
Event: 0.653 Thread 0x000001bc4a1ab3c0 Exception <a 'java/io/FileNotFoundException'{0x0000000712e27fe8}> (0x0000000712e27fe8) 
thrown [s\src\hotspot\share\prims\jni.cpp, line 516]
Event: 0.656 Thread 0x000001bc4a1ab3c0 Exception <a 'java/io/FileNotFoundException'{0x0000000712e390b8}> (0x0000000712e390b8) 
thrown [s\src\hotspot\share\prims\jni.cpp, line 516]
Event: 0.656 Thread 0x000001bc4a1ab3c0 Exception <a 'java/io/FileNotFoundException'{0x0000000712e3af58}> (0x0000000712e3af58) 
thrown [s\src\hotspot\share\prims\jni.cpp, line 516]
Event: 1.673 Thread 0x000001bc4a1ab3c0 Exception <a 'java/lang/NoSuchMethodError'{0x0000000712f7ad50}: 'void java.lang.invoke.DirectMethodHandle$Holder.invokeStatic(java.lang.Object, java.lang.Object, java.lang.Object)'> (0x0000000712f7ad50) 
thrown [s\src\hotspot\share\interpreter\linkResolver.cpp, line 759]
Event: 1.674 Thread 0x000001bc4a1ab3c0 Exception <a 'java/lang/NoSuchMethodError'{0x0000000712f813d8}: 'void java.lang.invoke.DirectMethodHandle$Holder.invokeStatic(java.lang.Object, java.lang.Object)'> (0x0000000712f813d8) 
thrown [s\src\hotspot\share\interpreter\linkResolver.cpp, line 759]
Event: 2.014 Thread 0x000001bc4a1ab3c0 Exception <a 'java/lang/NoSuchMethodError'{0x0000000712d0a1e8}: 'int java.lang.invoke.DirectMethodHandle$Holder.invokeStatic(java.lang.Object)'> (0x0000000712d0a1e8) 
thrown [s\src\hotspot\share\interpreter\linkResolver.cpp, line 759]
Event: 4.079 Thread 0x000001bc4a1ab3c0 Exception <a 'sun/nio/fs/WindowsException'{0x0000000712be3f00}> (0x0000000712be3f00) 
thrown [s\src\hotspot\share\prims\jni.cpp, line 516]
Event: 4.079 Thread 0x000001bc4a1ab3c0 Exception <a 'sun/nio/fs/WindowsException'{0x0000000712be5150}> (0x0000000712be5150) 
thrown [s\src\hotspot\share\prims\jni.cpp, line 516]
Event: 4.079 Thread 0x000001bc4a1ab3c0 Exception <a 'sun/nio/fs/WindowsException'{0x0000000712be6388}> (0x0000000712be6388) 
thrown [s\src\hotspot\share\prims\jni.cpp, line 516]
Event: 4.080 Thread 0x000001bc4a1ab3c0 Exception <a 'sun/nio/fs/WindowsException'{0x0000000712be75c0}> (0x0000000712be75c0) 
thrown [s\src\hotspot\share\prims\jni.cpp, line 516]
Event: 4.080 Thread 0x000001bc4a1ab3c0 Exception <a 'sun/nio/fs/WindowsException'{0x0000000712be8810}> (0x0000000712be8810) 
thrown [s\src\hotspot\share\prims\jni.cpp, line 516]
Event: 4.094 Thread 0x000001bc4a1ab3c0 Exception <a 'java/lang/NoSuchMethodError'{0x00000007128319a8}: 'java.lang.Object java.lang.invoke.DirectMethodHandle$Holder.invokeStaticInit(java.lang.Object, int, int, int, int)'> (0x00000007128319a8) 
thrown [s\src\hotspot\share\interpreter\linkResolver.cpp, line 759]
Event: 4.154 Thread 0x000001bc4a1ab3c0 Exception <a 'java/lang/NoSuchMethodError'{0x00000007128bdc48}: 'java.lang.Object java.lang.invoke.DirectMethodHandle$Holder.invokeStaticInit(java.lang.Object, java.lang.Object, int, int, int, int)'> (0x00000007128bdc48) 
thrown [s\src\hotspot\share\interpreter\linkResolver.cpp, line 759]

VM Operations (20 events):
Event: 6.306 Executing VM operation: G1PauseCleanup done
Event: 6.747 Executing VM operation: G1CollectForAllocation
Event: 6.753 Executing VM operation: G1CollectForAllocation done
Event: 6.804 Executing VM operation: G1CollectForAllocation
Event: 6.807 Executing VM operation: G1CollectForAllocation done
Event: 6.986 Executing VM operation: G1CollectForAllocation
Event: 6.989 Executing VM operation: G1CollectForAllocation done
Event: 7.027 Executing VM operation: HandshakeAllThreads
Event: 7.027 Executing VM operation: HandshakeAllThreads done
Event: 7.027 Executing VM operation: HandshakeAllThreads
Event: 7.027 Executing VM operation: HandshakeAllThreads done
Event: 7.029 Executing VM operation: HandshakeAllThreads
Event: 7.029 Executing VM operation: HandshakeAllThreads done
Event: 7.993 Executing VM operation: G1CollectForAllocation
Event: 7.995 Executing VM operation: G1CollectForAllocation done
Event: 8.099 Executing VM operation: G1CollectForAllocation
Event: 8.100 Executing VM operation: G1CollectForAllocation done
Event: 8.130 Executing VM operation: G1TryInitiateConcMark
Event: 8.131 Executing VM operation: G1TryInitiateConcMark done
Event: 8.133 Executing VM operation: G1PauseRemark

Events (20 events):
Event: 7.030 loading class com/sun/imageio/plugins/jpeg/ImageTypeIterator
Event: 7.030 loading class com/sun/imageio/plugins/jpeg/ImageTypeIterator done
Event: 7.065 loading class java/awt/GridBagLayout
Event: 7.065 loading class java/awt/GridBagLayout done
Event: 7.066 loading class java/awt/GridBagConstraints
Event: 7.066 loading class java/awt/GridBagConstraints done
Event: 7.066 loading class javax/swing/plaf/basic/BasicTextAreaUI
Event: 7.067 loading class javax/swing/plaf/basic/BasicTextAreaUI done
Event: 7.075 loading class javax/swing/text/AbstractDocument$ElementEdit
Event: 7.075 loading class javax/swing/text/AbstractDocument$ElementEdit done
Event: 7.089 loading class java/awt/GridBagLayoutInfo
Event: 7.090 loading class java/awt/GridBagLayoutInfo done
Event: 7.110 loading class java/awt/geom/Ellipse2D$Float
Event: 7.110 loading class java/awt/geom/Ellipse2D
Event: 7.110 loading class java/awt/geom/Ellipse2D done
Event: 7.110 loading class java/awt/geom/Ellipse2D$Float done
Event: 7.110 loading class java/awt/geom/EllipseIterator
Event: 7.110 loading class java/awt/geom/EllipseIterator done
Event: 7.129 loading class sun/font/CMap$CMapFormat12
Event: 7.129 loading class sun/font/CMap$CMapFormat12 done


Dynamic libraries:
0x00007ff6dab40000 - 0x00007ff6dab4e000 	C:\Users\merta\.p2\pool\plugins\org.eclipse.justj.openjdk.hotspot.jre.full.win32.x86_64_17.0.10.v20240120-1143\jre\bin\javaw.exe
0x00007ffc0a010000 - 0x00007ffc0a227000 	C:\WINDOWS\SYSTEM32\ntdll.dll
0x00007ffc09df0000 - 0x00007ffc09eb4000 	C:\WINDOWS\System32\KERNEL32.DLL
0x00007ffc073c0000 - 0x00007ffc07767000 	C:\WINDOWS\System32\KERNELBASE.dll
0x00007ffc079d0000 - 0x00007ffc07ae1000 	C:\WINDOWS\System32\ucrtbase.dll
0x00007ffbf0b20000 - 0x00007ffbf0b37000 	C:\Users\merta\.p2\pool\plugins\org.eclipse.justj.openjdk.hotspot.jre.full.win32.x86_64_17.0.10.v20240120-1143\jre\bin\jli.dll
0x00007ffbeeaf0000 - 0x00007ffbeeb0b000 	C:\Users\merta\.p2\pool\plugins\org.eclipse.justj.openjdk.hotspot.jre.full.win32.x86_64_17.0.10.v20240120-1143\jre\bin\VCRUNTIME140.dll
0x00007ffc09860000 - 0x00007ffc09a0e000 	C:\WINDOWS\System32\USER32.dll
0x00007ffc07770000 - 0x00007ffc07796000 	C:\WINDOWS\System32\win32u.dll
0x00007ffc09750000 - 0x00007ffc09779000 	C:\WINDOWS\System32\GDI32.dll
0x00007ffc07840000 - 0x00007ffc07959000 	C:\WINDOWS\System32\gdi32full.dll
0x00007ffc077a0000 - 0x00007ffc0783a000 	C:\WINDOWS\System32\msvcp_win.dll
0x00007ffbe46d0000 - 0x00007ffbe4963000 	C:\WINDOWS\WinSxS\amd64_microsoft.windows.common-controls_6595b64144ccf1df_6.0.22621.3527_none_270e469b73872a76\COMCTL32.dll
0x00007ffc09d10000 - 0x00007ffc09db7000 	C:\WINDOWS\System32\msvcrt.dll
0x00007ffc09790000 - 0x00007ffc097c1000 	C:\WINDOWS\System32\IMM32.DLL
0x00007ffc00240000 - 0x00007ffc0024c000 	C:\Users\merta\.p2\pool\plugins\org.eclipse.justj.openjdk.hotspot.jre.full.win32.x86_64_17.0.10.v20240120-1143\jre\bin\vcruntime140_1.dll
0x00007ffbc94f0000 - 0x00007ffbc957d000 	C:\Users\merta\.p2\pool\plugins\org.eclipse.justj.openjdk.hotspot.jre.full.win32.x86_64_17.0.10.v20240120-1143\jre\bin\msvcp140.dll
0x00007ffba7d30000 - 0x00007ffba8992000 	C:\Users\merta\.p2\pool\plugins\org.eclipse.justj.openjdk.hotspot.jre.full.win32.x86_64_17.0.10.v20240120-1143\jre\bin\server\jvm.dll
0x00007ffc09c50000 - 0x00007ffc09d02000 	C:\WINDOWS\System32\ADVAPI32.dll
0x00007ffc09a80000 - 0x00007ffc09b28000 	C:\WINDOWS\System32\sechost.dll
0x00007ffc07ce0000 - 0x00007ffc07d08000 	C:\WINDOWS\System32\bcrypt.dll
0x00007ffc09b30000 - 0x00007ffc09c45000 	C:\WINDOWS\System32\RPCRT4.dll
0x00007ffc06150000 - 0x00007ffc0619d000 	C:\WINDOWS\SYSTEM32\POWRPROF.dll
0x00007ffc06110000 - 0x00007ffc0611a000 	C:\WINDOWS\SYSTEM32\VERSION.dll
0x00007ffbfeac0000 - 0x00007ffbfeaf4000 	C:\WINDOWS\SYSTEM32\WINMM.dll
0x00007ffc00fa0000 - 0x00007ffc00fa9000 	C:\WINDOWS\SYSTEM32\WSOCK32.dll
0x00007ffc08670000 - 0x00007ffc086e1000 	C:\WINDOWS\System32\WS2_32.dll
0x00007ffc06130000 - 0x00007ffc06143000 	C:\WINDOWS\SYSTEM32\UMPDC.dll
0x00007ffc063e0000 - 0x00007ffc063f8000 	C:\WINDOWS\SYSTEM32\kernel.appcore.dll
0x00007ffc001b0000 - 0x00007ffc001ba000 	C:\Users\merta\.p2\pool\plugins\org.eclipse.justj.openjdk.hotspot.jre.full.win32.x86_64_17.0.10.v20240120-1143\jre\bin\jimage.dll
0x00007ffc049e0000 - 0x00007ffc04c12000 	C:\WINDOWS\SYSTEM32\DBGHELP.DLL
0x00007ffc08f50000 - 0x00007ffc092d8000 	C:\WINDOWS\System32\combase.dll
0x00007ffc09ec0000 - 0x00007ffc09f97000 	C:\WINDOWS\System32\OLEAUT32.dll
0x00007ffbfcb70000 - 0x00007ffbfcba2000 	C:\WINDOWS\SYSTEM32\dbgcore.DLL
0x00007ffc07c60000 - 0x00007ffc07cd9000 	C:\WINDOWS\System32\bcryptPrimitives.dll
0x00007ffbd7570000 - 0x00007ffbd7595000 	C:\Users\merta\.p2\pool\plugins\org.eclipse.justj.openjdk.hotspot.jre.full.win32.x86_64_17.0.10.v20240120-1143\jre\bin\java.dll
0x00007ffbffcd0000 - 0x00007ffbffce8000 	C:\Users\merta\.p2\pool\plugins\org.eclipse.justj.openjdk.hotspot.jre.full.win32.x86_64_17.0.10.v20240120-1143\jre\bin\zip.dll
0x00007ffc086f0000 - 0x00007ffc08f4c000 	C:\WINDOWS\System32\SHELL32.dll
0x00007ffc04f50000 - 0x00007ffc05846000 	C:\WINDOWS\SYSTEM32\windows.storage.dll
0x00007ffc04e10000 - 0x00007ffc04f4e000 	C:\WINDOWS\SYSTEM32\wintypes.dll
0x00007ffc09300000 - 0x00007ffc093f5000 	C:\WINDOWS\System32\SHCORE.dll
0x00007ffc082a0000 - 0x00007ffc082fe000 	C:\WINDOWS\System32\shlwapi.dll
0x00007ffc07230000 - 0x00007ffc07251000 	C:\WINDOWS\SYSTEM32\profapi.dll
0x00007ffbe4b30000 - 0x00007ffbe4b49000 	C:\Users\merta\.p2\pool\plugins\org.eclipse.justj.openjdk.hotspot.jre.full.win32.x86_64_17.0.10.v20240120-1143\jre\bin\net.dll
0x00007ffc007c0000 - 0x00007ffc008f6000 	C:\WINDOWS\SYSTEM32\WINHTTP.dll
0x00007ffc06840000 - 0x00007ffc068a9000 	C:\WINDOWS\system32\mswsock.dll
0x00007ffbd18e0000 - 0x00007ffbd18f6000 	C:\Users\merta\.p2\pool\plugins\org.eclipse.justj.openjdk.hotspot.jre.full.win32.x86_64_17.0.10.v20240120-1143\jre\bin\nio.dll
0x00007ffba9ce0000 - 0x00007ffba9e70000 	C:\Users\merta\.p2\pool\plugins\org.eclipse.justj.openjdk.hotspot.jre.full.win32.x86_64_17.0.10.v20240120-1143\jre\bin\awt.dll
0x00007ffc04060000 - 0x00007ffc040f7000 	C:\WINDOWS\SYSTEM32\apphelp.dll
0x00007ffc04160000 - 0x00007ffc0420b000 	C:\WINDOWS\system32\uxtheme.dll
0x00007ffc09580000 - 0x00007ffc096d3000 	C:\WINDOWS\System32\MSCTF.dll
0x00007ffc084c0000 - 0x00007ffc08665000 	C:\WINDOWS\System32\ole32.dll
0x00007ffc043e0000 - 0x00007ffc0440b000 	C:\WINDOWS\system32\DWMAPI.DLL
0x00007ffbed9b0000 - 0x00007ffbedab0000 	C:\WINDOWS\system32\opengl32.dll
0x00007ffbed940000 - 0x00007ffbed96d000 	C:\WINDOWS\SYSTEM32\GLU32.dll
0x00007ffc04450000 - 0x00007ffc04489000 	C:\WINDOWS\SYSTEM32\dxcore.dll
0x00007ffbaedc0000 - 0x00007ffbaee47000 	C:\Users\merta\.p2\pool\plugins\org.eclipse.justj.openjdk.hotspot.jre.full.win32.x86_64_17.0.10.v20240120-1143\jre\bin\freetype.dll
0x00007ffba9a70000 - 0x00007ffba9b43000 	C:\Users\merta\.p2\pool\plugins\org.eclipse.justj.openjdk.hotspot.jre.full.win32.x86_64_17.0.10.v20240120-1143\jre\bin\fontmanager.dll
0x00007ffbe75d0000 - 0x00007ffbe771b000 	C:\WINDOWS\SYSTEM32\textinputframework.dll
0x00007ffc03d60000 - 0x00007ffc03e93000 	C:\WINDOWS\SYSTEM32\CoreMessaging.dll
0x00007ffbfdee0000 - 0x00007ffbfe24c000 	C:\WINDOWS\SYSTEM32\CoreUIComponents.dll
0x00007ffc06ae0000 - 0x00007ffc06aec000 	C:\WINDOWS\SYSTEM32\CRYPTBASE.DLL
0x00007ffbdc580000 - 0x00007ffbdc633000 	C:\WINDOWS\WinSxS\amd64_microsoft.windows.common-controls_6595b64144ccf1df_5.82.22621.3527_none_b43b7f4b638cc64f\comctl32.dll
0x00007ffc06fe0000 - 0x00007ffc0702e000 	C:\WINDOWS\SYSTEM32\CFGMGR32.dll
0x00007ffc081f0000 - 0x00007ffc082a0000 	C:\WINDOWS\System32\clbcatq.dll
0x00007ffc019b0000 - 0x00007ffc01ab1000 	C:\WINDOWS\system32\propsys.dll
0x00007ffbd18b0000 - 0x00007ffbd18ca000 	C:\WINDOWS\system32\NetworkExplorer.dll
0x00007ffbfe5b0000 - 0x00007ffbfe6e5000 	C:\Windows\System32\Windows.System.Launcher.dll
0x00007ffc02410000 - 0x00007ffc024a3000 	C:\Windows\System32\msvcp110_win.dll
0x00007ffbfe590000 - 0x00007ffbfe5aa000 	C:\WINDOWS\SYSTEM32\windows.staterepositorycore.dll
0x00007ffbe3f00000 - 0x00007ffbe3f1e000 	C:\WINDOWS\SYSTEM32\MPR.dll
0x00007ffbcf650000 - 0x00007ffbcf679000 	C:\WINDOWS\System32\p9np.dll
0x00007ffbff0e0000 - 0x00007ffbff0ec000 	C:\WINDOWS\System32\drprov.dll
0x00007ffbcf4f0000 - 0x00007ffbcf512000 	C:\WINDOWS\System32\ntlanman.dll
0x00007ffbdcca0000 - 0x00007ffbdccbf000 	C:\WINDOWS\System32\davclnt.dll
0x00007ffc05bd0000 - 0x00007ffc05c36000 	C:\WINDOWS\System32\WINSTA.dll
0x00007ffc003b0000 - 0x00007ffc003ca000 	C:\WINDOWS\System32\wkscli.dll
0x00007ffbd9600000 - 0x00007ffbd9612000 	C:\WINDOWS\SYSTEM32\cscapi.dll
0x00007ffc05ec0000 - 0x00007ffc05ecc000 	C:\WINDOWS\System32\netutils.dll
0x00007ffbcb2f0000 - 0x00007ffbcb346000 	C:\Windows\System32\dlnashext.dll
0x00007ffbbfa20000 - 0x00007ffbbfa89000 	C:\Windows\System32\PlayToDevice.dll
0x00007ffbedb80000 - 0x00007ffbedba1000 	C:\Windows\System32\DevDispItemProvider.dll
0x00007ffbf9bb0000 - 0x00007ffbf9c4d000 	C:\WINDOWS\System32\MMDevApi.dll
0x00007ffc06fb0000 - 0x00007ffc06fdc000 	C:\WINDOWS\System32\DEVOBJ.dll
0x00007ffba7140000 - 0x00007ffba71e2000 	C:\WINDOWS\system32\wpdshext.dll
0x00007ffbdc3c0000 - 0x00007ffbdc57a000 	C:\WINDOWS\WinSxS\amd64_microsoft.windows.gdiplus_6595b64144ccf1df_1.1.22621.3527_none_57f93980ce19a444\gdiplus.dll
0x00007ffbfeff0000 - 0x00007ffbff08e000 	C:\Windows\System32\PortableDeviceApi.dll
0x00007ffc07d70000 - 0x00007ffc081e4000 	C:\WINDOWS\System32\SETUPAPI.dll
0x00007ffc07960000 - 0x00007ffc079cb000 	C:\WINDOWS\System32\WINTRUST.dll
0x00007ffc07af0000 - 0x00007ffc07c58000 	C:\WINDOWS\System32\CRYPT32.dll
0x00007ffc06c40000 - 0x00007ffc06c52000 	C:\WINDOWS\SYSTEM32\MSASN1.dll
0x00007ffbca8f0000 - 0x00007ffbca927000 	C:\Windows\System32\EhStorShell.dll
0x00007ffbcc0a0000 - 0x00007ffbcc0c4000 	C:\Windows\System32\EhStorAPI.dll
0x00007ffc061a0000 - 0x00007ffc061b4000 	C:\Windows\System32\WTSAPI32.dll
0x00007ffbd15a0000 - 0x00007ffbd15ad000 	C:\WINDOWS\SYSTEM32\LINKINFO.dll
0x00007ffc02a60000 - 0x00007ffc02c10000 	C:\WINDOWS\SYSTEM32\WindowsCodecs.dll
0x00007ffbd0110000 - 0x00007ffbd016e000 	C:\WINDOWS\system32\dataexchange.dll
0x00007ffbfc620000 - 0x00007ffbfc8ab000 	C:\WINDOWS\system32\twinapi.appcore.dll
0x00007ffc06ac0000 - 0x00007ffc06adb000 	C:\WINDOWS\SYSTEM32\CRYPTSP.dll
0x00007ffc06340000 - 0x00007ffc06375000 	C:\WINDOWS\system32\rsaenh.dll
0x00007ffc06920000 - 0x00007ffc06948000 	C:\WINDOWS\SYSTEM32\USERENV.dll
0x00007ffc05aa0000 - 0x00007ffc05acd000 	C:\WINDOWS\SYSTEM32\IPHLPAPI.DLL
0x00007ffc09780000 - 0x00007ffc09789000 	C:\WINDOWS\System32\NSI.dll
0x00007ffc007a0000 - 0x00007ffc007b9000 	C:\WINDOWS\SYSTEM32\dhcpcsvc6.DLL
0x00007ffc00780000 - 0x00007ffc0079f000 	C:\WINDOWS\SYSTEM32\dhcpcsvc.DLL
0x00007ffc05ad0000 - 0x00007ffc05bc8000 	C:\WINDOWS\SYSTEM32\DNSAPI.dll
0x00007ffbdcc50000 - 0x00007ffbdcc7d000 	C:\Users\merta\.p2\pool\plugins\org.eclipse.justj.openjdk.hotspot.jre.full.win32.x86_64_17.0.10.v20240120-1143\jre\bin\javajpeg.dll

dbghelp: loaded successfully - version: 4.0.5 - missing functions: none
symbol engine: initialized successfully - sym options: 0x614 - pdb path: .;C:\Users\merta\.p2\pool\plugins\org.eclipse.justj.openjdk.hotspot.jre.full.win32.x86_64_17.0.10.v20240120-1143\jre\bin;C:\WINDOWS\SYSTEM32;C:\WINDOWS\WinSxS\amd64_microsoft.windows.common-controls_6595b64144ccf1df_6.0.22621.3527_none_270e469b73872a76;C:\Users\merta\.p2\pool\plugins\org.eclipse.justj.openjdk.hotspot.jre.full.win32.x86_64_17.0.10.v20240120-1143\jre\bin\server;C:\WINDOWS\WinSxS\amd64_microsoft.windows.common-controls_6595b64144ccf1df_5.82.22621.3527_none_b43b7f4b638cc64f;C:\WINDOWS\WinSxS\amd64_microsoft.windows.gdiplus_6595b64144ccf1df_1.1.22621.3527_none_57f93980ce19a444

VM Arguments:
jvm_args: -Dfile.encoding=UTF-8 -Dstdout.encoding=UTF-8 -Dstderr.encoding=UTF-8 --module-path=C:\Users\merta\git\UNO-PROJECT_2\uno_game\bin -XX:+ShowCodeDetailsInExceptionMessages -Djdk.module.main=uno_game 
java_command: uno_game/gui.MainMenu
java_class_path (initial): <not set>
Launcher Type: SUN_STANDARD

[Global flags]
     intx CICompilerCount                          = 12                                        {product} {ergonomic}
     uint ConcGCThreads                            = 3                                         {product} {ergonomic}
     uint G1ConcRefinementThreads                  = 13                                        {product} {ergonomic}
   size_t G1HeapRegionSize                         = 2097152                                   {product} {ergonomic}
    uintx GCDrainStackTargetSize                   = 64                                        {product} {ergonomic}
   size_t InitialHeapSize                          = 264241152                                 {product} {ergonomic}
   size_t MarkStackSize                            = 4194304                                   {product} {ergonomic}
   size_t MaxHeapSize                              = 4227858432                                {product} {ergonomic}
   size_t MaxNewSize                               = 2535456768                                {product} {ergonomic}
   size_t MinHeapDeltaBytes                        = 2097152                                   {product} {ergonomic}
   size_t MinHeapSize                              = 8388608                                   {product} {ergonomic}
    uintx NonNMethodCodeHeapSize                   = 7602480                                {pd product} {ergonomic}
    uintx NonProfiledCodeHeapSize                  = 122027880                              {pd product} {ergonomic}
    uintx ProfiledCodeHeapSize                     = 122027880                              {pd product} {ergonomic}
    uintx ReservedCodeCacheSize                    = 251658240                              {pd product} {ergonomic}
     bool SegmentedCodeCache                       = true                                      {product} {ergonomic}
     bool ShowCodeDetailsInExceptionMessages       = true                                   {manageable} {command line}
   size_t SoftMaxHeapSize                          = 4227858432                             {manageable} {ergonomic}
     bool UseCompressedClassPointers               = true                           {product lp64_product} {ergonomic}
     bool UseCompressedOops                        = true                           {product lp64_product} {ergonomic}
     bool UseG1GC                                  = true                                      {product} {ergonomic}
     bool UseLargePagesIndividualAllocation        = false                                  {pd product} {ergonomic}

Logging:
Log output configuration:
 #0: stdout all=warning uptime,level,tags
 #1: stderr all=off uptime,level,tags

Environment Variables:
PATH=C:/Users/merta/.p2/pool/plugins/org.eclipse.justj.openjdk.hotspot.jre.full.win32.x86_64_17.0.10.v20240120-1143/jre/bin/server;C:/Users/merta/.p2/pool/plugins/org.eclipse.justj.openjdk.hotspot.jre.full.win32.x86_64_17.0.10.v20240120-1143/jre/bin;C:\Program Files (x86)\Common Files\Oracle\Java\java8path;C:\Program Files (x86)\Common Files\Oracle\Java\javapath;C:\Windows\system32;C:\Windows;C:\Windows\System32\Wbem;C:\Windows\System32\WindowsPowerShell\v1.0\;C:\Windows\System32\OpenSSH\;C:\Program Files (x86)\NVIDIA Corporation\PhysX\Common;C:\Program Files\NVIDIA Corporation\NVIDIA NvDLISR;C:\Program Files\MATLAB\R2023b\bin;C:\Program Files\MATLAB\R2022b\bin;C:\Program Files\Calibre2\;C:\WINDOWS\system32;C:\WINDOWS;C:\WINDOWS\System32\Wbem;C:\WINDOWS\System32\WindowsPowerShell\v1.0\;C:\WINDOWS\System32\OpenSSH\;C:\Program Files\dotnet\;C:\Program Files\Git\cmd;C:\Users\merta\AppData\Local\Microsoft\WindowsApps;C:\Users\merta\AppData\Local\Programs\Microsoft VS Code\bin;C:\Users\merta\AppData\Local\GitHubDesktop\bin;C:\intelFPGA\20.1\modelsim_ase\win32aloem;C:\WINDOWS\system32;
USERNAME=merta
OS=Windows_NT
PROCESSOR_IDENTIFIER=Intel64 Family 6 Model 141 Stepping 1, GenuineIntel
TMP=C:\Users\merta\AppData\Local\Temp
TEMP=C:\Users\merta\AppData\Local\Temp



Periodic native trim disabled


---------------  S Y S T E M  ---------------

OS:
 Windows 11 , 64 bit Build 22621 (10.0.22621.3527)
OS uptime: 0 days 8:50 hours
Hyper-V role detected

CPU: total 16 (initial active 16) (8 cores per cpu, 2 threads per core) family 6 model 141 stepping 1 microcode 0x34, cx8, cmov, fxsr, ht, mmx, 3dnowpref, sse, sse2, sse3, ssse3, sse4.1, sse4.2, popcnt, lzcnt, tsc, tscinvbit, avx, avx2, aes, erms, clmul, bmi1, bmi2, adx, avx512f, avx512dq, avx512cd, avx512bw, avx512vl, sha, fma, vzeroupper, avx512_vpopcntdq, avx512_vpclmulqdq, avx512_vaes, avx512_vnni, clflush, clflushopt, clwb, avx512_vbmi2, avx512_vbmi, hv
Processor Information for all 16 processors :
  Max Mhz: 2304, Current Mhz: 2304, Mhz Limit: 2304

Memory: 4k page, system-wide physical 16125M (1542M free)
TotalPageFile size 65277M (AvailPageFile size 156M)
current process WorkingSet (physical memory assigned to process): 690M, peak: 692M
current process commit charge ("private bytes"): 786M, peak: 1078M

vm_info: OpenJDK 64-Bit Server VM (17.0.10+7) for windows-amd64 JRE (17.0.10+7), built on Jan 16 2024 23:25:11 by "admin" with MS VC++ 16.10 / 16.11 (VS2019)

END.
